## [1708021823838705758, 2024-02-15 12:30:23 CST utc-0600, BEGIN] 1 / 6480
##################################################
[1708021825199163392, 2024-02-15 12:30:25.199191]
/users/rmlu/workdir/xinda/main.py --sys_name etcd --data_dir rq1_1 --fault_type nw --fault_location leader --fault_duration 30 --fault_severity slow-100us --fault_start_time 60 --bench_exec_time 150 --if_reslim --cpu_limit 0.5 --mem_limit 512M --ycsb_wkl readonly --benchmark ycsb --iter 1 --unique_identifier 1 --batch_test_log /users/rmlu/workdir/xinda/test_scripts/RQ1_1/meta-norestart-etcd-nw-dur-30-st-60-10iter.log
Traceback (most recent call last):
  File "/users/rmlu/workdir/xinda/main.py", line 391, in <module>
    sys = main(args)
  File "/users/rmlu/workdir/xinda/main.py", line 277, in main
    coverage_ = args.coverage,
  File "/users/rmlu/workdir/xinda/xinda/systems/TestSystem.py", line 52, in __init__
    self.cleanup()
  File "/users/rmlu/workdir/xinda/xinda/systems/TestSystem.py", line 79, in cleanup
    _ = subprocess.run('docker stop $(docker ps -a -q)', shell=True, check=True)
  File "/users/rmlu/miniconda3/envs/py36/lib/python3.6/subprocess.py", line 438, in run
    output=stdout, stderr=stderr)
subprocess.CalledProcessError: Command 'docker stop $(docker ps -a -q)' returned non-zero exit status 1.
##################################################
## [1708021825232924682, 2024-02-15 12:30:25 CST utc-0600, END] 1 / 6480


## [1708021825236922491, 2024-02-15 12:30:25 CST utc-0600, BEGIN] 2 / 6480
## [1708022036451443001, 2024-02-15 12:33:56 CST utc-0600, END] 2 / 6480


## [1708022036455654103, 2024-02-15 12:33:56 CST utc-0600, BEGIN] 3 / 6480
## [1708022248452717434, 2024-02-15 12:37:28 CST utc-0600, END] 3 / 6480


## [1708022248457136646, 2024-02-15 12:37:28 CST utc-0600, BEGIN] 4 / 6480
## [1708022460345110890, 2024-02-15 12:41:00 CST utc-0600, END] 4 / 6480


## [1708022460349501273, 2024-02-15 12:41:00 CST utc-0600, BEGIN] 5 / 6480
## [1708022671320940816, 2024-02-15 12:44:31 CST utc-0600, END] 5 / 6480


## [1708022671325363439, 2024-02-15 12:44:31 CST utc-0600, BEGIN] 6 / 6480
## [1708022882639904640, 2024-02-15 12:48:02 CST utc-0600, END] 6 / 6480


## [1708022882644307632, 2024-02-15 12:48:02 CST utc-0600, BEGIN] 7 / 6480
## [1708023094276764384, 2024-02-15 12:51:34 CST utc-0600, END] 7 / 6480


## [1708023094281156492, 2024-02-15 12:51:34 CST utc-0600, BEGIN] 8 / 6480
## [1708023305765950305, 2024-02-15 12:55:05 CST utc-0600, END] 8 / 6480


## [1708023305770079702, 2024-02-15 12:55:05 CST utc-0600, BEGIN] 9 / 6480
## [1708023517411514674, 2024-02-15 12:58:37 CST utc-0600, END] 9 / 6480


## [1708023517415901799, 2024-02-15 12:58:37 CST utc-0600, BEGIN] 10 / 6480
## [1708023728766581151, 2024-02-15 13:02:08 CST utc-0600, END] 10 / 6480


## [1708023728770711415, 2024-02-15 13:02:08 CST utc-0600, BEGIN] 11 / 6480
## [1708023941289735746, 2024-02-15 13:05:41 CST utc-0600, END] 11 / 6480


## [1708023941294072595, 2024-02-15 13:05:41 CST utc-0600, BEGIN] 12 / 6480
## [1708024154270025290, 2024-02-15 13:09:14 CST utc-0600, END] 12 / 6480


## [1708024154274390638, 2024-02-15 13:09:14 CST utc-0600, BEGIN] 13 / 6480
## [1708024366956763057, 2024-02-15 13:12:46 CST utc-0600, END] 13 / 6480


## [1708024366961125424, 2024-02-15 13:12:46 CST utc-0600, BEGIN] 14 / 6480
## [1708024579856267274, 2024-02-15 13:16:19 CST utc-0600, END] 14 / 6480


## [1708024579860332771, 2024-02-15 13:16:19 CST utc-0600, BEGIN] 15 / 6480
## [1708024792563229760, 2024-02-15 13:19:52 CST utc-0600, END] 15 / 6480


## [1708024792567498952, 2024-02-15 13:19:52 CST utc-0600, BEGIN] 16 / 6480
## [1708025005333510778, 2024-02-15 13:23:25 CST utc-0600, END] 16 / 6480


## [1708025005337750429, 2024-02-15 13:23:25 CST utc-0600, BEGIN] 17 / 6480
## [1708025217952567378, 2024-02-15 13:26:57 CST utc-0600, END] 17 / 6480


## [1708025217956862489, 2024-02-15 13:26:57 CST utc-0600, BEGIN] 18 / 6480
## [1708025430928221099, 2024-02-15 13:30:30 CST utc-0600, END] 18 / 6480


## [1708025430932446816, 2024-02-15 13:30:30 CST utc-0600, BEGIN] 19 / 6480
## [1708025643408962830, 2024-02-15 13:34:03 CST utc-0600, END] 19 / 6480


## [1708025643413166463, 2024-02-15 13:34:03 CST utc-0600, BEGIN] 20 / 6480
## [1708025856090093716, 2024-02-15 13:37:36 CST utc-0600, END] 20 / 6480


## [1708025856094628361, 2024-02-15 13:37:36 CST utc-0600, BEGIN] 21 / 6480
## [1708026068665410778, 2024-02-15 13:41:08 CST utc-0600, END] 21 / 6480


## [1708026068669848240, 2024-02-15 13:41:08 CST utc-0600, BEGIN] 22 / 6480
## [1708026281680567417, 2024-02-15 13:44:41 CST utc-0600, END] 22 / 6480


## [1708026281684892213, 2024-02-15 13:44:41 CST utc-0600, BEGIN] 23 / 6480
## [1708026494367412688, 2024-02-15 13:48:14 CST utc-0600, END] 23 / 6480


## [1708026494371703655, 2024-02-15 13:48:14 CST utc-0600, BEGIN] 24 / 6480
## [1708026707353491156, 2024-02-15 13:51:47 CST utc-0600, END] 24 / 6480


## [1708026707358021751, 2024-02-15 13:51:47 CST utc-0600, BEGIN] 25 / 6480
## [1708026920049755794, 2024-02-15 13:55:20 CST utc-0600, END] 25 / 6480


## [1708026920054220686, 2024-02-15 13:55:20 CST utc-0600, BEGIN] 26 / 6480
## [1708027133126742604, 2024-02-15 13:58:53 CST utc-0600, END] 26 / 6480


## [1708027133131203654, 2024-02-15 13:58:53 CST utc-0600, BEGIN] 27 / 6480
## [1708027346143182630, 2024-02-15 14:02:26 CST utc-0600, END] 27 / 6480


## [1708027346147400722, 2024-02-15 14:02:26 CST utc-0600, BEGIN] 28 / 6480
## [1708027559206664672, 2024-02-15 14:05:59 CST utc-0600, END] 28 / 6480


## [1708027559210912553, 2024-02-15 14:05:59 CST utc-0600, BEGIN] 29 / 6480
## [1708027772034198874, 2024-02-15 14:09:32 CST utc-0600, END] 29 / 6480


## [1708027772038635395, 2024-02-15 14:09:32 CST utc-0600, BEGIN] 30 / 6480
## [1708027984880754835, 2024-02-15 14:13:04 CST utc-0600, END] 30 / 6480


## [1708027984885133245, 2024-02-15 14:13:04 CST utc-0600, BEGIN] 31 / 6480
## [1708028196245861908, 2024-02-15 14:16:36 CST utc-0600, END] 31 / 6480


## [1708028196250293083, 2024-02-15 14:16:36 CST utc-0600, BEGIN] 32 / 6480
## [1708028407433246967, 2024-02-15 14:20:07 CST utc-0600, END] 32 / 6480


## [1708028407437640614, 2024-02-15 14:20:07 CST utc-0600, BEGIN] 33 / 6480
## [1708028618989246251, 2024-02-15 14:23:38 CST utc-0600, END] 33 / 6480


## [1708028618993805727, 2024-02-15 14:23:38 CST utc-0600, BEGIN] 34 / 6480
## [1708028830451149158, 2024-02-15 14:27:10 CST utc-0600, END] 34 / 6480


## [1708028830455483304, 2024-02-15 14:27:10 CST utc-0600, BEGIN] 35 / 6480
## [1708029042456832411, 2024-02-15 14:30:42 CST utc-0600, END] 35 / 6480


## [1708029042461125501, 2024-02-15 14:30:42 CST utc-0600, BEGIN] 36 / 6480
## [1708029253775282676, 2024-02-15 14:34:13 CST utc-0600, END] 36 / 6480


## [1708029253779530986, 2024-02-15 14:34:13 CST utc-0600, BEGIN] 37 / 6480
## [1708029465387123688, 2024-02-15 14:37:45 CST utc-0600, END] 37 / 6480


## [1708029465391046175, 2024-02-15 14:37:45 CST utc-0600, BEGIN] 38 / 6480
## [1708029676962990289, 2024-02-15 14:41:16 CST utc-0600, END] 38 / 6480


## [1708029676967021957, 2024-02-15 14:41:16 CST utc-0600, BEGIN] 39 / 6480
## [1708029888914312940, 2024-02-15 14:44:48 CST utc-0600, END] 39 / 6480


## [1708029888918728287, 2024-02-15 14:44:48 CST utc-0600, BEGIN] 40 / 6480
## [1708030100383927115, 2024-02-15 14:48:20 CST utc-0600, END] 40 / 6480


## [1708030100388228061, 2024-02-15 14:48:20 CST utc-0600, BEGIN] 41 / 6480
## [1708030312935619622, 2024-02-15 14:51:52 CST utc-0600, END] 41 / 6480


## [1708030312940000476, 2024-02-15 14:51:52 CST utc-0600, BEGIN] 42 / 6480
## [1708030525697107571, 2024-02-15 14:55:25 CST utc-0600, END] 42 / 6480


## [1708030525701430197, 2024-02-15 14:55:25 CST utc-0600, BEGIN] 43 / 6480
## [1708030738168337784, 2024-02-15 14:58:58 CST utc-0600, END] 43 / 6480


## [1708030738172792258, 2024-02-15 14:58:58 CST utc-0600, BEGIN] 44 / 6480
## [1708030950519547027, 2024-02-15 15:02:30 CST utc-0600, END] 44 / 6480


## [1708030950523806724, 2024-02-15 15:02:30 CST utc-0600, BEGIN] 45 / 6480
## [1708031163335788330, 2024-02-15 15:06:03 CST utc-0600, END] 45 / 6480


## [1708031163340190190, 2024-02-15 15:06:03 CST utc-0600, BEGIN] 46 / 6480
## [1708031376124083788, 2024-02-15 15:09:36 CST utc-0600, END] 46 / 6480


## [1708031376128439864, 2024-02-15 15:09:36 CST utc-0600, BEGIN] 47 / 6480
## [1708031588958043044, 2024-02-15 15:13:08 CST utc-0600, END] 47 / 6480


## [1708031588962248145, 2024-02-15 15:13:08 CST utc-0600, BEGIN] 48 / 6480
## [1708031801662346624, 2024-02-15 15:16:41 CST utc-0600, END] 48 / 6480


## [1708031801666455108, 2024-02-15 15:16:41 CST utc-0600, BEGIN] 49 / 6480
## [1708032014366007402, 2024-02-15 15:20:14 CST utc-0600, END] 49 / 6480


## [1708032014370380577, 2024-02-15 15:20:14 CST utc-0600, BEGIN] 50 / 6480
## [1708032226726953407, 2024-02-15 15:23:46 CST utc-0600, END] 50 / 6480


## [1708032226731293455, 2024-02-15 15:23:46 CST utc-0600, BEGIN] 51 / 6480
## [1708032439437225021, 2024-02-15 15:27:19 CST utc-0600, END] 51 / 6480


## [1708032439441605517, 2024-02-15 15:27:19 CST utc-0600, BEGIN] 52 / 6480
## [1708032652138339708, 2024-02-15 15:30:52 CST utc-0600, END] 52 / 6480


## [1708032652142858837, 2024-02-15 15:30:52 CST utc-0600, BEGIN] 53 / 6480
## [1708032865165868365, 2024-02-15 15:34:25 CST utc-0600, END] 53 / 6480


## [1708032865170326532, 2024-02-15 15:34:25 CST utc-0600, BEGIN] 54 / 6480
## [1708033077959904504, 2024-02-15 15:37:57 CST utc-0600, END] 54 / 6480


## [1708033077964294024, 2024-02-15 15:37:57 CST utc-0600, BEGIN] 55 / 6480
## [1708033291135126549, 2024-02-15 15:41:31 CST utc-0600, END] 55 / 6480


## [1708033291139515001, 2024-02-15 15:41:31 CST utc-0600, BEGIN] 56 / 6480
## [1708033503859252403, 2024-02-15 15:45:03 CST utc-0600, END] 56 / 6480


## [1708033503863535994, 2024-02-15 15:45:03 CST utc-0600, BEGIN] 57 / 6480
## [1708033716636295714, 2024-02-15 15:48:36 CST utc-0600, END] 57 / 6480


## [1708033716640627756, 2024-02-15 15:48:36 CST utc-0600, BEGIN] 58 / 6480
## [1708033929660769627, 2024-02-15 15:52:09 CST utc-0600, END] 58 / 6480


## [1708033929665209538, 2024-02-15 15:52:09 CST utc-0600, BEGIN] 59 / 6480
## [1708034142596331814, 2024-02-15 15:55:42 CST utc-0600, END] 59 / 6480


## [1708034142600676721, 2024-02-15 15:55:42 CST utc-0600, BEGIN] 60 / 6480
## [1708034355724841804, 2024-02-15 15:59:15 CST utc-0600, END] 60 / 6480


## [1708034355729106210, 2024-02-15 15:59:15 CST utc-0600, BEGIN] 61 / 6480
## [1708034566348862287, 2024-02-15 16:02:46 CST utc-0600, END] 61 / 6480


## [1708034566353023807, 2024-02-15 16:02:46 CST utc-0600, BEGIN] 62 / 6480
## [1708034777747500312, 2024-02-15 16:06:17 CST utc-0600, END] 62 / 6480


## [1708034777751804246, 2024-02-15 16:06:17 CST utc-0600, BEGIN] 63 / 6480
## [1708034989455475369, 2024-02-15 16:09:49 CST utc-0600, END] 63 / 6480


## [1708034989459865382, 2024-02-15 16:09:49 CST utc-0600, BEGIN] 64 / 6480
## [1708035201458617390, 2024-02-15 16:13:21 CST utc-0600, END] 64 / 6480


## [1708035201462984758, 2024-02-15 16:13:21 CST utc-0600, BEGIN] 65 / 6480
## [1708035413057947303, 2024-02-15 16:16:53 CST utc-0600, END] 65 / 6480


## [1708035413062319597, 2024-02-15 16:16:53 CST utc-0600, BEGIN] 66 / 6480
## [1708035624754446954, 2024-02-15 16:20:24 CST utc-0600, END] 66 / 6480


## [1708035624758836165, 2024-02-15 16:20:24 CST utc-0600, BEGIN] 67 / 6480
## [1708035836669525250, 2024-02-15 16:23:56 CST utc-0600, END] 67 / 6480


## [1708035836674009240, 2024-02-15 16:23:56 CST utc-0600, BEGIN] 68 / 6480
## [1708036048326683260, 2024-02-15 16:27:28 CST utc-0600, END] 68 / 6480


## [1708036048330935228, 2024-02-15 16:27:28 CST utc-0600, BEGIN] 69 / 6480
## [1708036259954387722, 2024-02-15 16:30:59 CST utc-0600, END] 69 / 6480


## [1708036259958459942, 2024-02-15 16:30:59 CST utc-0600, BEGIN] 70 / 6480
## [1708036471469921195, 2024-02-15 16:34:31 CST utc-0600, END] 70 / 6480


## [1708036471474306353, 2024-02-15 16:34:31 CST utc-0600, BEGIN] 71 / 6480
## [1708036684109326268, 2024-02-15 16:38:04 CST utc-0600, END] 71 / 6480


## [1708036684113786442, 2024-02-15 16:38:04 CST utc-0600, BEGIN] 72 / 6480
## [1708036896565890979, 2024-02-15 16:41:36 CST utc-0600, END] 72 / 6480


## [1708036896570450807, 2024-02-15 16:41:36 CST utc-0600, BEGIN] 73 / 6480
## [1708037109543868220, 2024-02-15 16:45:09 CST utc-0600, END] 73 / 6480


## [1708037109548090465, 2024-02-15 16:45:09 CST utc-0600, BEGIN] 74 / 6480
## [1708037321641162077, 2024-02-15 16:48:41 CST utc-0600, END] 74 / 6480


## [1708037321645105959, 2024-02-15 16:48:41 CST utc-0600, BEGIN] 75 / 6480
## [1708037533965440238, 2024-02-15 16:52:13 CST utc-0600, END] 75 / 6480


## [1708037533969790643, 2024-02-15 16:52:13 CST utc-0600, BEGIN] 76 / 6480
## [1708037746653395093, 2024-02-15 16:55:46 CST utc-0600, END] 76 / 6480


## [1708037746657523657, 2024-02-15 16:55:46 CST utc-0600, BEGIN] 77 / 6480
## [1708037959441177223, 2024-02-15 16:59:19 CST utc-0600, END] 77 / 6480


## [1708037959445718199, 2024-02-15 16:59:19 CST utc-0600, BEGIN] 78 / 6480
## [1708038171810303905, 2024-02-15 17:02:51 CST utc-0600, END] 78 / 6480


## [1708038171814587335, 2024-02-15 17:02:51 CST utc-0600, BEGIN] 79 / 6480
## [1708038384344664461, 2024-02-15 17:06:24 CST utc-0600, END] 79 / 6480


## [1708038384348913176, 2024-02-15 17:06:24 CST utc-0600, BEGIN] 80 / 6480
## [1708038597101042937, 2024-02-15 17:09:57 CST utc-0600, END] 80 / 6480


## [1708038597105605069, 2024-02-15 17:09:57 CST utc-0600, BEGIN] 81 / 6480
## [1708038809968943827, 2024-02-15 17:13:29 CST utc-0600, END] 81 / 6480


## [1708038809973387401, 2024-02-15 17:13:29 CST utc-0600, BEGIN] 82 / 6480
## [1708039023079616132, 2024-02-15 17:17:03 CST utc-0600, END] 82 / 6480


## [1708039023084114195, 2024-02-15 17:17:03 CST utc-0600, BEGIN] 83 / 6480
## [1708039236244219394, 2024-02-15 17:20:36 CST utc-0600, END] 83 / 6480


## [1708039236248618387, 2024-02-15 17:20:36 CST utc-0600, BEGIN] 84 / 6480
## [1708039449140003376, 2024-02-15 17:24:09 CST utc-0600, END] 84 / 6480


## [1708039449144448344, 2024-02-15 17:24:09 CST utc-0600, BEGIN] 85 / 6480
## [1708039662207685216, 2024-02-15 17:27:42 CST utc-0600, END] 85 / 6480


## [1708039662212127485, 2024-02-15 17:27:42 CST utc-0600, BEGIN] 86 / 6480
## [1708039874919361225, 2024-02-15 17:31:14 CST utc-0600, END] 86 / 6480


## [1708039874923680264, 2024-02-15 17:31:14 CST utc-0600, BEGIN] 87 / 6480
## [1708040087551883216, 2024-02-15 17:34:47 CST utc-0600, END] 87 / 6480


## [1708040087556276829, 2024-02-15 17:34:47 CST utc-0600, BEGIN] 88 / 6480
## [1708040300051968160, 2024-02-15 17:38:20 CST utc-0600, END] 88 / 6480


## [1708040300055726886, 2024-02-15 17:38:20 CST utc-0600, BEGIN] 89 / 6480
## [1708040512329537318, 2024-02-15 17:41:52 CST utc-0600, END] 89 / 6480


## [1708040512333990570, 2024-02-15 17:41:52 CST utc-0600, BEGIN] 90 / 6480
## [1708040724954565939, 2024-02-15 17:45:24 CST utc-0600, END] 90 / 6480


## [1708040724959089925, 2024-02-15 17:45:24 CST utc-0600, BEGIN] 91 / 6480
## [1708040936091527736, 2024-02-15 17:48:56 CST utc-0600, END] 91 / 6480


## [1708040936095818763, 2024-02-15 17:48:56 CST utc-0600, BEGIN] 92 / 6480
## [1708041148290688184, 2024-02-15 17:52:28 CST utc-0600, END] 92 / 6480


## [1708041148294858904, 2024-02-15 17:52:28 CST utc-0600, BEGIN] 93 / 6480
## [1708041360003679911, 2024-02-15 17:56:00 CST utc-0600, END] 93 / 6480


## [1708041360008100570, 2024-02-15 17:56:00 CST utc-0600, BEGIN] 94 / 6480
## [1708041571247681104, 2024-02-15 17:59:31 CST utc-0600, END] 94 / 6480


## [1708041571252192696, 2024-02-15 17:59:31 CST utc-0600, BEGIN] 95 / 6480
## [1708041782346883122, 2024-02-15 18:03:02 CST utc-0600, END] 95 / 6480


## [1708041782351367388, 2024-02-15 18:03:02 CST utc-0600, BEGIN] 96 / 6480
## [1708041993521095559, 2024-02-15 18:06:33 CST utc-0600, END] 96 / 6480


## [1708041993525677932, 2024-02-15 18:06:33 CST utc-0600, BEGIN] 97 / 6480
## [1708042204994692932, 2024-02-15 18:10:04 CST utc-0600, END] 97 / 6480


## [1708042204999103607, 2024-02-15 18:10:05 CST utc-0600, BEGIN] 98 / 6480
## [1708042416491586624, 2024-02-15 18:13:36 CST utc-0600, END] 98 / 6480


## [1708042416496056268, 2024-02-15 18:13:36 CST utc-0600, BEGIN] 99 / 6480
## [1708042627923683619, 2024-02-15 18:17:07 CST utc-0600, END] 99 / 6480


## [1708042627927934332, 2024-02-15 18:17:07 CST utc-0600, BEGIN] 100 / 6480
## [1708042839878037107, 2024-02-15 18:20:39 CST utc-0600, END] 100 / 6480


## [1708042839882053942, 2024-02-15 18:20:39 CST utc-0600, BEGIN] 101 / 6480
## [1708043052492911500, 2024-02-15 18:24:12 CST utc-0600, END] 101 / 6480


## [1708043052497388628, 2024-02-15 18:24:12 CST utc-0600, BEGIN] 102 / 6480
## [1708043265392303145, 2024-02-15 18:27:45 CST utc-0600, END] 102 / 6480


## [1708043265396710803, 2024-02-15 18:27:45 CST utc-0600, BEGIN] 103 / 6480
## [1708043478165218289, 2024-02-15 18:31:18 CST utc-0600, END] 103 / 6480


## [1708043478169363160, 2024-02-15 18:31:18 CST utc-0600, BEGIN] 104 / 6480
## [1708043691146441122, 2024-02-15 18:34:51 CST utc-0600, END] 104 / 6480


## [1708043691150756890, 2024-02-15 18:34:51 CST utc-0600, BEGIN] 105 / 6480
## [1708043904050684912, 2024-02-15 18:38:24 CST utc-0600, END] 105 / 6480


## [1708043904055079186, 2024-02-15 18:38:24 CST utc-0600, BEGIN] 106 / 6480
## [1708044116793040510, 2024-02-15 18:41:56 CST utc-0600, END] 106 / 6480


## [1708044116797353411, 2024-02-15 18:41:56 CST utc-0600, BEGIN] 107 / 6480
## [1708044329145828788, 2024-02-15 18:45:29 CST utc-0600, END] 107 / 6480


## [1708044329150173335, 2024-02-15 18:45:29 CST utc-0600, BEGIN] 108 / 6480
## [1708044541554505214, 2024-02-15 18:49:01 CST utc-0600, END] 108 / 6480


## [1708044541558739498, 2024-02-15 18:49:01 CST utc-0600, BEGIN] 109 / 6480
## [1708044754227021624, 2024-02-15 18:52:34 CST utc-0600, END] 109 / 6480


## [1708044754231193944, 2024-02-15 18:52:34 CST utc-0600, BEGIN] 110 / 6480
## [1708044966773070943, 2024-02-15 18:56:06 CST utc-0600, END] 110 / 6480


## [1708044966777694112, 2024-02-15 18:56:06 CST utc-0600, BEGIN] 111 / 6480
## [1708045178833973159, 2024-02-15 18:59:38 CST utc-0600, END] 111 / 6480


## [1708045178838239764, 2024-02-15 18:59:38 CST utc-0600, BEGIN] 112 / 6480
## [1708045391418318381, 2024-02-15 19:03:11 CST utc-0600, END] 112 / 6480


## [1708045391422761878, 2024-02-15 19:03:11 CST utc-0600, BEGIN] 113 / 6480
## [1708045604393842071, 2024-02-15 19:06:44 CST utc-0600, END] 113 / 6480


## [1708045604398376926, 2024-02-15 19:06:44 CST utc-0600, BEGIN] 114 / 6480
## [1708045817364100173, 2024-02-15 19:10:17 CST utc-0600, END] 114 / 6480


## [1708045817368500800, 2024-02-15 19:10:17 CST utc-0600, BEGIN] 115 / 6480
## [1708046030079676390, 2024-02-15 19:13:50 CST utc-0600, END] 115 / 6480


## [1708046030084078967, 2024-02-15 19:13:50 CST utc-0600, BEGIN] 116 / 6480
## [1708046243044815502, 2024-02-15 19:17:23 CST utc-0600, END] 116 / 6480


## [1708046243049087189, 2024-02-15 19:17:23 CST utc-0600, BEGIN] 117 / 6480
## [1708046455619052361, 2024-02-15 19:20:55 CST utc-0600, END] 117 / 6480


## [1708046455623443254, 2024-02-15 19:20:55 CST utc-0600, BEGIN] 118 / 6480
## [1708046668133968260, 2024-02-15 19:24:28 CST utc-0600, END] 118 / 6480


## [1708046668138416301, 2024-02-15 19:24:28 CST utc-0600, BEGIN] 119 / 6480
## [1708046880904834548, 2024-02-15 19:28:00 CST utc-0600, END] 119 / 6480


## [1708046880908648360, 2024-02-15 19:28:00 CST utc-0600, BEGIN] 120 / 6480
## [1708047093729308216, 2024-02-15 19:31:33 CST utc-0600, END] 120 / 6480


## [1708047093733731554, 2024-02-15 19:31:33 CST utc-0600, BEGIN] 121 / 6480
## [1708047305469091296, 2024-02-15 19:35:05 CST utc-0600, END] 121 / 6480


## [1708047305473427898, 2024-02-15 19:35:05 CST utc-0600, BEGIN] 122 / 6480
## [1708047517417097648, 2024-02-15 19:38:37 CST utc-0600, END] 122 / 6480


## [1708047517421563392, 2024-02-15 19:38:37 CST utc-0600, BEGIN] 123 / 6480
## [1708047729424748329, 2024-02-15 19:42:09 CST utc-0600, END] 123 / 6480


## [1708047729429058105, 2024-02-15 19:42:09 CST utc-0600, BEGIN] 124 / 6480
## [1708047940891644704, 2024-02-15 19:45:40 CST utc-0600, END] 124 / 6480


## [1708047940896010071, 2024-02-15 19:45:40 CST utc-0600, BEGIN] 125 / 6480
## [1708048152764786561, 2024-02-15 19:49:12 CST utc-0600, END] 125 / 6480


## [1708048152769163155, 2024-02-15 19:49:12 CST utc-0600, BEGIN] 126 / 6480
## [1708048365118799213, 2024-02-15 19:52:45 CST utc-0600, END] 126 / 6480


## [1708048365122785545, 2024-02-15 19:52:45 CST utc-0600, BEGIN] 127 / 6480
## [1708048577018533604, 2024-02-15 19:56:17 CST utc-0600, END] 127 / 6480


## [1708048577022502825, 2024-02-15 19:56:17 CST utc-0600, BEGIN] 128 / 6480
## [1708048788580328542, 2024-02-15 19:59:48 CST utc-0600, END] 128 / 6480


## [1708048788584546716, 2024-02-15 19:59:48 CST utc-0600, BEGIN] 129 / 6480
## [1708049000285006159, 2024-02-15 20:03:20 CST utc-0600, END] 129 / 6480


## [1708049000289481277, 2024-02-15 20:03:20 CST utc-0600, BEGIN] 130 / 6480
## [1708049212389330401, 2024-02-15 20:06:52 CST utc-0600, END] 130 / 6480


## [1708049212393881398, 2024-02-15 20:06:52 CST utc-0600, BEGIN] 131 / 6480
## [1708049425033856457, 2024-02-15 20:10:25 CST utc-0600, END] 131 / 6480


## [1708049425038138272, 2024-02-15 20:10:25 CST utc-0600, BEGIN] 132 / 6480
## [1708049638078823876, 2024-02-15 20:13:58 CST utc-0600, END] 132 / 6480


## [1708049638083387978, 2024-02-15 20:13:58 CST utc-0600, BEGIN] 133 / 6480
## [1708049850956423429, 2024-02-15 20:17:30 CST utc-0600, END] 133 / 6480


## [1708049850960826735, 2024-02-15 20:17:30 CST utc-0600, BEGIN] 134 / 6480
## [1708050063911003137, 2024-02-15 20:21:03 CST utc-0600, END] 134 / 6480


## [1708050063914990264, 2024-02-15 20:21:03 CST utc-0600, BEGIN] 135 / 6480
## [1708050276854451813, 2024-02-15 20:24:36 CST utc-0600, END] 135 / 6480


## [1708050276858768033, 2024-02-15 20:24:36 CST utc-0600, BEGIN] 136 / 6480
## [1708050489910917938, 2024-02-15 20:28:09 CST utc-0600, END] 136 / 6480


## [1708050489915249078, 2024-02-15 20:28:09 CST utc-0600, BEGIN] 137 / 6480
## [1708050702654199240, 2024-02-15 20:31:42 CST utc-0600, END] 137 / 6480


## [1708050702658553670, 2024-02-15 20:31:42 CST utc-0600, BEGIN] 138 / 6480
## [1708050915822477026, 2024-02-15 20:35:15 CST utc-0600, END] 138 / 6480


## [1708050915826898489, 2024-02-15 20:35:15 CST utc-0600, BEGIN] 139 / 6480
## [1708051128410464454, 2024-02-15 20:38:48 CST utc-0600, END] 139 / 6480


## [1708051128414918685, 2024-02-15 20:38:48 CST utc-0600, BEGIN] 140 / 6480
## [1708051341056597376, 2024-02-15 20:42:21 CST utc-0600, END] 140 / 6480


## [1708051341060995141, 2024-02-15 20:42:21 CST utc-0600, BEGIN] 141 / 6480
## [1708051554018698074, 2024-02-15 20:45:54 CST utc-0600, END] 141 / 6480


## [1708051554023138412, 2024-02-15 20:45:54 CST utc-0600, BEGIN] 142 / 6480
## [1708051766719267133, 2024-02-15 20:49:26 CST utc-0600, END] 142 / 6480


## [1708051766723584594, 2024-02-15 20:49:26 CST utc-0600, BEGIN] 143 / 6480
## [1708051979651254408, 2024-02-15 20:52:59 CST utc-0600, END] 143 / 6480


## [1708051979655561827, 2024-02-15 20:52:59 CST utc-0600, BEGIN] 144 / 6480
## [1708052192289495374, 2024-02-15 20:56:32 CST utc-0600, END] 144 / 6480


## [1708052192293742093, 2024-02-15 20:56:32 CST utc-0600, BEGIN] 145 / 6480
## [1708052405345392132, 2024-02-15 21:00:05 CST utc-0600, END] 145 / 6480


## [1708052405349826856, 2024-02-15 21:00:05 CST utc-0600, BEGIN] 146 / 6480
## [1708052618029401581, 2024-02-15 21:03:38 CST utc-0600, END] 146 / 6480


## [1708052618033672495, 2024-02-15 21:03:38 CST utc-0600, BEGIN] 147 / 6480
## [1708052830773764551, 2024-02-15 21:07:10 CST utc-0600, END] 147 / 6480


## [1708052830778113732, 2024-02-15 21:07:10 CST utc-0600, BEGIN] 148 / 6480
## [1708053043018334789, 2024-02-15 21:10:43 CST utc-0600, END] 148 / 6480


## [1708053043022696808, 2024-02-15 21:10:43 CST utc-0600, BEGIN] 149 / 6480
## [1708053256030538371, 2024-02-15 21:14:16 CST utc-0600, END] 149 / 6480


## [1708053256034844181, 2024-02-15 21:14:16 CST utc-0600, BEGIN] 150 / 6480
## [1708053468519740408, 2024-02-15 21:17:48 CST utc-0600, END] 150 / 6480


## [1708053468524123668, 2024-02-15 21:17:48 CST utc-0600, BEGIN] 151 / 6480
## [1708053679931645815, 2024-02-15 21:21:19 CST utc-0600, END] 151 / 6480


## [1708053679936001785, 2024-02-15 21:21:19 CST utc-0600, BEGIN] 152 / 6480
## [1708053891701385279, 2024-02-15 21:24:51 CST utc-0600, END] 152 / 6480


## [1708053891705926766, 2024-02-15 21:24:51 CST utc-0600, BEGIN] 153 / 6480
## [1708054102411497252, 2024-02-15 21:28:22 CST utc-0600, END] 153 / 6480


## [1708054102415673544, 2024-02-15 21:28:22 CST utc-0600, BEGIN] 154 / 6480
## [1708054314229421051, 2024-02-15 21:31:54 CST utc-0600, END] 154 / 6480


## [1708054314233619611, 2024-02-15 21:31:54 CST utc-0600, BEGIN] 155 / 6480
## [1708054525506629227, 2024-02-15 21:35:25 CST utc-0600, END] 155 / 6480


## [1708054525511003475, 2024-02-15 21:35:25 CST utc-0600, BEGIN] 156 / 6480
## [1708054736560884233, 2024-02-15 21:38:56 CST utc-0600, END] 156 / 6480


## [1708054736565291472, 2024-02-15 21:38:56 CST utc-0600, BEGIN] 157 / 6480
## [1708054948518945991, 2024-02-15 21:42:28 CST utc-0600, END] 157 / 6480


## [1708054948523343637, 2024-02-15 21:42:28 CST utc-0600, BEGIN] 158 / 6480
## [1708055160277645794, 2024-02-15 21:46:00 CST utc-0600, END] 158 / 6480


## [1708055160282060233, 2024-02-15 21:46:00 CST utc-0600, BEGIN] 159 / 6480
## [1708055371407782004, 2024-02-15 21:49:31 CST utc-0600, END] 159 / 6480


## [1708055371412271380, 2024-02-15 21:49:31 CST utc-0600, BEGIN] 160 / 6480
## [1708055582525884425, 2024-02-15 21:53:02 CST utc-0600, END] 160 / 6480


## [1708055582530337361, 2024-02-15 21:53:02 CST utc-0600, BEGIN] 161 / 6480
## [1708055795121233877, 2024-02-15 21:56:35 CST utc-0600, END] 161 / 6480


## [1708055795125751110, 2024-02-15 21:56:35 CST utc-0600, BEGIN] 162 / 6480
## [1708056007533247852, 2024-02-15 22:00:07 CST utc-0600, END] 162 / 6480


## [1708056007537568497, 2024-02-15 22:00:07 CST utc-0600, BEGIN] 163 / 6480
## [1708056220117924087, 2024-02-15 22:03:40 CST utc-0600, END] 163 / 6480


## [1708056220122039869, 2024-02-15 22:03:40 CST utc-0600, BEGIN] 164 / 6480
## [1708056432607345512, 2024-02-15 22:07:12 CST utc-0600, END] 164 / 6480


## [1708056432611675089, 2024-02-15 22:07:12 CST utc-0600, BEGIN] 165 / 6480
## [1708056645608028000, 2024-02-15 22:10:45 CST utc-0600, END] 165 / 6480


## [1708056645612100721, 2024-02-15 22:10:45 CST utc-0600, BEGIN] 166 / 6480
## [1708056858449865519, 2024-02-15 22:14:18 CST utc-0600, END] 166 / 6480


## [1708056858454294676, 2024-02-15 22:14:18 CST utc-0600, BEGIN] 167 / 6480
## [1708057071007873757, 2024-02-15 22:17:51 CST utc-0600, END] 167 / 6480


## [1708057071012207378, 2024-02-15 22:17:51 CST utc-0600, BEGIN] 168 / 6480
## [1708057284164249691, 2024-02-15 22:21:24 CST utc-0600, END] 168 / 6480


## [1708057284168742038, 2024-02-15 22:21:24 CST utc-0600, BEGIN] 169 / 6480
## [1708057496814581569, 2024-02-15 22:24:56 CST utc-0600, END] 169 / 6480


## [1708057496818942548, 2024-02-15 22:24:56 CST utc-0600, BEGIN] 170 / 6480
## [1708057709983805107, 2024-02-15 22:28:29 CST utc-0600, END] 170 / 6480


## [1708057709988050446, 2024-02-15 22:28:29 CST utc-0600, BEGIN] 171 / 6480
## [1708057922413049005, 2024-02-15 22:32:02 CST utc-0600, END] 171 / 6480


## [1708057922417351428, 2024-02-15 22:32:02 CST utc-0600, BEGIN] 172 / 6480
## [1708058135655816851, 2024-02-15 22:35:35 CST utc-0600, END] 172 / 6480


## [1708058135660228036, 2024-02-15 22:35:35 CST utc-0600, BEGIN] 173 / 6480
## [1708058348400020784, 2024-02-15 22:39:08 CST utc-0600, END] 173 / 6480


## [1708058348404456731, 2024-02-15 22:39:08 CST utc-0600, BEGIN] 174 / 6480
## [1708058561368159609, 2024-02-15 22:42:41 CST utc-0600, END] 174 / 6480


## [1708058561372465054, 2024-02-15 22:42:41 CST utc-0600, BEGIN] 175 / 6480
## [1708058774187019440, 2024-02-15 22:46:14 CST utc-0600, END] 175 / 6480


## [1708058774191565537, 2024-02-15 22:46:14 CST utc-0600, BEGIN] 176 / 6480
## [1708058987231557312, 2024-02-15 22:49:47 CST utc-0600, END] 176 / 6480


## [1708058987236009843, 2024-02-15 22:49:47 CST utc-0600, BEGIN] 177 / 6480
## [1708059199905284385, 2024-02-15 22:53:19 CST utc-0600, END] 177 / 6480


## [1708059199909770871, 2024-02-15 22:53:19 CST utc-0600, BEGIN] 178 / 6480
## [1708059412643570461, 2024-02-15 22:56:52 CST utc-0600, END] 178 / 6480


## [1708059412647876998, 2024-02-15 22:56:52 CST utc-0600, BEGIN] 179 / 6480
## [1708059625389716273, 2024-02-15 23:00:25 CST utc-0600, END] 179 / 6480


## [1708059625394313818, 2024-02-15 23:00:25 CST utc-0600, BEGIN] 180 / 6480
## [1708059838199573874, 2024-02-15 23:03:58 CST utc-0600, END] 180 / 6480


## [1708059838203885250, 2024-02-15 23:03:58 CST utc-0600, BEGIN] 181 / 6480
## [1708060050023004692, 2024-02-15 23:07:30 CST utc-0600, END] 181 / 6480


## [1708060050027428416, 2024-02-15 23:07:30 CST utc-0600, BEGIN] 182 / 6480
## [1708060261672131109, 2024-02-15 23:11:01 CST utc-0600, END] 182 / 6480


## [1708060261676612880, 2024-02-15 23:11:01 CST utc-0600, BEGIN] 183 / 6480
## [1708060473450537873, 2024-02-15 23:14:33 CST utc-0600, END] 183 / 6480


## [1708060473455090887, 2024-02-15 23:14:33 CST utc-0600, BEGIN] 184 / 6480
## [1708060685193718036, 2024-02-15 23:18:05 CST utc-0600, END] 184 / 6480


## [1708060685198135732, 2024-02-15 23:18:05 CST utc-0600, BEGIN] 185 / 6480
## [1708060896568456018, 2024-02-15 23:21:36 CST utc-0600, END] 185 / 6480


## [1708060896572849031, 2024-02-15 23:21:36 CST utc-0600, BEGIN] 186 / 6480
## [1708061108484827712, 2024-02-15 23:25:08 CST utc-0600, END] 186 / 6480


## [1708061108488945405, 2024-02-15 23:25:08 CST utc-0600, BEGIN] 187 / 6480
## [1708061320184243188, 2024-02-15 23:28:40 CST utc-0600, END] 187 / 6480


## [1708061320188732070, 2024-02-15 23:28:40 CST utc-0600, BEGIN] 188 / 6480
## [1708061531745029777, 2024-02-15 23:32:11 CST utc-0600, END] 188 / 6480


## [1708061531749514241, 2024-02-15 23:32:11 CST utc-0600, BEGIN] 189 / 6480
## [1708061743557795665, 2024-02-15 23:35:43 CST utc-0600, END] 189 / 6480


## [1708061743561866130, 2024-02-15 23:35:43 CST utc-0600, BEGIN] 190 / 6480
## [1708061955650333040, 2024-02-15 23:39:15 CST utc-0600, END] 190 / 6480


## [1708061955654685572, 2024-02-15 23:39:15 CST utc-0600, BEGIN] 191 / 6480
## [1708062168468710699, 2024-02-15 23:42:48 CST utc-0600, END] 191 / 6480


## [1708062168473044512, 2024-02-15 23:42:48 CST utc-0600, BEGIN] 192 / 6480
## [1708062381702274011, 2024-02-15 23:46:21 CST utc-0600, END] 192 / 6480


## [1708062381706063107, 2024-02-15 23:46:21 CST utc-0600, BEGIN] 193 / 6480
## [1708062594587250425, 2024-02-15 23:49:54 CST utc-0600, END] 193 / 6480


## [1708062594591811476, 2024-02-15 23:49:54 CST utc-0600, BEGIN] 194 / 6480
## [1708062807302479647, 2024-02-15 23:53:27 CST utc-0600, END] 194 / 6480


## [1708062807306576212, 2024-02-15 23:53:27 CST utc-0600, BEGIN] 195 / 6480
## [1708063020179897387, 2024-02-15 23:57:00 CST utc-0600, END] 195 / 6480


## [1708063020184376870, 2024-02-15 23:57:00 CST utc-0600, BEGIN] 196 / 6480
## [1708063232850512221, 2024-02-16 00:00:32 CST utc-0600, END] 196 / 6480


## [1708063232854882353, 2024-02-16 00:00:32 CST utc-0600, BEGIN] 197 / 6480
## [1708063446076650211, 2024-02-16 00:04:06 CST utc-0600, END] 197 / 6480


## [1708063446081020676, 2024-02-16 00:04:06 CST utc-0600, BEGIN] 198 / 6480
## [1708063659017903144, 2024-02-16 00:07:39 CST utc-0600, END] 198 / 6480


## [1708063659022312099, 2024-02-16 00:07:39 CST utc-0600, BEGIN] 199 / 6480
## [1708063872078895201, 2024-02-16 00:11:12 CST utc-0600, END] 199 / 6480


## [1708063872082924872, 2024-02-16 00:11:12 CST utc-0600, BEGIN] 200 / 6480
## [1708064085237257989, 2024-02-16 00:14:45 CST utc-0600, END] 200 / 6480


## [1708064085241705267, 2024-02-16 00:14:45 CST utc-0600, BEGIN] 201 / 6480
## [1708064298159497703, 2024-02-16 00:18:18 CST utc-0600, END] 201 / 6480


## [1708064298164030418, 2024-02-16 00:18:18 CST utc-0600, BEGIN] 202 / 6480
## [1708064510348224788, 2024-02-16 00:21:50 CST utc-0600, END] 202 / 6480


## [1708064510352392202, 2024-02-16 00:21:50 CST utc-0600, BEGIN] 203 / 6480
## [1708064723387373440, 2024-02-16 00:25:23 CST utc-0600, END] 203 / 6480


## [1708064723391651212, 2024-02-16 00:25:23 CST utc-0600, BEGIN] 204 / 6480
## [1708064935817312186, 2024-02-16 00:28:55 CST utc-0600, END] 204 / 6480


## [1708064935821729742, 2024-02-16 00:28:55 CST utc-0600, BEGIN] 205 / 6480
## [1708065148889047889, 2024-02-16 00:32:28 CST utc-0600, END] 205 / 6480


## [1708065148893484755, 2024-02-16 00:32:28 CST utc-0600, BEGIN] 206 / 6480
## [1708065361730965706, 2024-02-16 00:36:01 CST utc-0600, END] 206 / 6480


## [1708065361735377090, 2024-02-16 00:36:01 CST utc-0600, BEGIN] 207 / 6480
## [1708065574317129785, 2024-02-16 00:39:34 CST utc-0600, END] 207 / 6480


## [1708065574321550527, 2024-02-16 00:39:34 CST utc-0600, BEGIN] 208 / 6480
## [1708065786660075219, 2024-02-16 00:43:06 CST utc-0600, END] 208 / 6480


## [1708065786664013605, 2024-02-16 00:43:06 CST utc-0600, BEGIN] 209 / 6480
## [1708065999309128060, 2024-02-16 00:46:39 CST utc-0600, END] 209 / 6480


## [1708065999313813060, 2024-02-16 00:46:39 CST utc-0600, BEGIN] 210 / 6480
## [1708066212043161971, 2024-02-16 00:50:12 CST utc-0600, END] 210 / 6480


## [1708066212047486306, 2024-02-16 00:50:12 CST utc-0600, BEGIN] 211 / 6480
## [1708066423325997365, 2024-02-16 00:53:43 CST utc-0600, END] 211 / 6480


## [1708066423330023247, 2024-02-16 00:53:43 CST utc-0600, BEGIN] 212 / 6480
## [1708066634778069703, 2024-02-16 00:57:14 CST utc-0600, END] 212 / 6480


## [1708066634782482020, 2024-02-16 00:57:14 CST utc-0600, BEGIN] 213 / 6480
## [1708066846841248563, 2024-02-16 01:00:46 CST utc-0600, END] 213 / 6480


## [1708066846845413168, 2024-02-16 01:00:46 CST utc-0600, BEGIN] 214 / 6480
## [1708067058379645485, 2024-02-16 01:04:18 CST utc-0600, END] 214 / 6480


## [1708067058384138906, 2024-02-16 01:04:18 CST utc-0600, BEGIN] 215 / 6480
## [1708067270139128110, 2024-02-16 01:07:50 CST utc-0600, END] 215 / 6480


## [1708067270143300877, 2024-02-16 01:07:50 CST utc-0600, BEGIN] 216 / 6480
## [1708067481771418682, 2024-02-16 01:11:21 CST utc-0600, END] 216 / 6480


## [1708067481775667417, 2024-02-16 01:11:21 CST utc-0600, BEGIN] 217 / 6480
## [1708067693654862034, 2024-02-16 01:14:53 CST utc-0600, END] 217 / 6480


## [1708067693659307549, 2024-02-16 01:14:53 CST utc-0600, BEGIN] 218 / 6480
## [1708067905228336117, 2024-02-16 01:18:25 CST utc-0600, END] 218 / 6480


## [1708067905232672808, 2024-02-16 01:18:25 CST utc-0600, BEGIN] 219 / 6480
## [1708068117069509580, 2024-02-16 01:21:57 CST utc-0600, END] 219 / 6480


## [1708068117073698232, 2024-02-16 01:21:57 CST utc-0600, BEGIN] 220 / 6480
## [1708068328616568459, 2024-02-16 01:25:28 CST utc-0600, END] 220 / 6480


## [1708068328620892607, 2024-02-16 01:25:28 CST utc-0600, BEGIN] 221 / 6480
## [1708068541241641548, 2024-02-16 01:29:01 CST utc-0600, END] 221 / 6480


## [1708068541246157246, 2024-02-16 01:29:01 CST utc-0600, BEGIN] 222 / 6480
## [1708068754326413917, 2024-02-16 01:32:34 CST utc-0600, END] 222 / 6480


## [1708068754330896655, 2024-02-16 01:32:34 CST utc-0600, BEGIN] 223 / 6480
## [1708068967129018612, 2024-02-16 01:36:07 CST utc-0600, END] 223 / 6480


## [1708068967133394622, 2024-02-16 01:36:07 CST utc-0600, BEGIN] 224 / 6480
## [1708069180027933651, 2024-02-16 01:39:40 CST utc-0600, END] 224 / 6480


## [1708069180032351362, 2024-02-16 01:39:40 CST utc-0600, BEGIN] 225 / 6480
## [1708069393080416462, 2024-02-16 01:43:13 CST utc-0600, END] 225 / 6480


## [1708069393084788094, 2024-02-16 01:43:13 CST utc-0600, BEGIN] 226 / 6480
## [1708069605507079258, 2024-02-16 01:46:45 CST utc-0600, END] 226 / 6480


## [1708069605511378152, 2024-02-16 01:46:45 CST utc-0600, BEGIN] 227 / 6480
## [1708069818379819606, 2024-02-16 01:50:18 CST utc-0600, END] 227 / 6480


## [1708069818384315974, 2024-02-16 01:50:18 CST utc-0600, BEGIN] 228 / 6480
## [1708070031750029795, 2024-02-16 01:53:51 CST utc-0600, END] 228 / 6480


## [1708070031754434387, 2024-02-16 01:53:51 CST utc-0600, BEGIN] 229 / 6480
## [1708070244639332341, 2024-02-16 01:57:24 CST utc-0600, END] 229 / 6480


## [1708070244643718512, 2024-02-16 01:57:24 CST utc-0600, BEGIN] 230 / 6480
## [1708070457549593483, 2024-02-16 02:00:57 CST utc-0600, END] 230 / 6480


## [1708070457554146148, 2024-02-16 02:00:57 CST utc-0600, BEGIN] 231 / 6480
## [1708070670475406877, 2024-02-16 02:04:30 CST utc-0600, END] 231 / 6480


## [1708070670479805435, 2024-02-16 02:04:30 CST utc-0600, BEGIN] 232 / 6480
## [1708070883318697211, 2024-02-16 02:08:03 CST utc-0600, END] 232 / 6480


## [1708070883323043743, 2024-02-16 02:08:03 CST utc-0600, BEGIN] 233 / 6480
## [1708071096335329830, 2024-02-16 02:11:36 CST utc-0600, END] 233 / 6480


## [1708071096339678841, 2024-02-16 02:11:36 CST utc-0600, BEGIN] 234 / 6480
## [1708071309143121476, 2024-02-16 02:15:09 CST utc-0600, END] 234 / 6480


## [1708071309147563134, 2024-02-16 02:15:09 CST utc-0600, BEGIN] 235 / 6480
## [1708071522222997402, 2024-02-16 02:18:42 CST utc-0600, END] 235 / 6480


## [1708071522227545185, 2024-02-16 02:18:42 CST utc-0600, BEGIN] 236 / 6480
## [1708071735358442154, 2024-02-16 02:22:15 CST utc-0600, END] 236 / 6480


## [1708071735362955570, 2024-02-16 02:22:15 CST utc-0600, BEGIN] 237 / 6480
## [1708071948137283380, 2024-02-16 02:25:48 CST utc-0600, END] 237 / 6480


## [1708071948141788436, 2024-02-16 02:25:48 CST utc-0600, BEGIN] 238 / 6480
## [1708072160915515713, 2024-02-16 02:29:20 CST utc-0600, END] 238 / 6480


## [1708072160919872326, 2024-02-16 02:29:20 CST utc-0600, BEGIN] 239 / 6480
## [1708072373553952390, 2024-02-16 02:32:53 CST utc-0600, END] 239 / 6480


## [1708072373558420534, 2024-02-16 02:32:53 CST utc-0600, BEGIN] 240 / 6480
## [1708072586395786191, 2024-02-16 02:36:26 CST utc-0600, END] 240 / 6480


## [1708072586400266404, 2024-02-16 02:36:26 CST utc-0600, BEGIN] 241 / 6480
## [1708072798294370081, 2024-02-16 02:39:58 CST utc-0600, END] 241 / 6480


## [1708072798298747120, 2024-02-16 02:39:58 CST utc-0600, BEGIN] 242 / 6480
## [1708073009905843623, 2024-02-16 02:43:29 CST utc-0600, END] 242 / 6480


## [1708073009910371203, 2024-02-16 02:43:29 CST utc-0600, BEGIN] 243 / 6480
## [1708073221335117852, 2024-02-16 02:47:01 CST utc-0600, END] 243 / 6480


## [1708073221339578083, 2024-02-16 02:47:01 CST utc-0600, BEGIN] 244 / 6480
## [1708073433075470281, 2024-02-16 02:50:33 CST utc-0600, END] 244 / 6480


## [1708073433079931617, 2024-02-16 02:50:33 CST utc-0600, BEGIN] 245 / 6480
## [1708073644306027443, 2024-02-16 02:54:04 CST utc-0600, END] 245 / 6480


## [1708073644310585868, 2024-02-16 02:54:04 CST utc-0600, BEGIN] 246 / 6480
## [1708073855670560722, 2024-02-16 02:57:35 CST utc-0600, END] 246 / 6480


## [1708073855674801569, 2024-02-16 02:57:35 CST utc-0600, BEGIN] 247 / 6480
## [1708074066897096665, 2024-02-16 03:01:06 CST utc-0600, END] 247 / 6480


## [1708074066901205610, 2024-02-16 03:01:06 CST utc-0600, BEGIN] 248 / 6480
## [1708074278257468982, 2024-02-16 03:04:38 CST utc-0600, END] 248 / 6480


## [1708074278261950226, 2024-02-16 03:04:38 CST utc-0600, BEGIN] 249 / 6480
## [1708074489864260832, 2024-02-16 03:08:09 CST utc-0600, END] 249 / 6480


## [1708074489868721601, 2024-02-16 03:08:09 CST utc-0600, BEGIN] 250 / 6480
## [1708074701591326687, 2024-02-16 03:11:41 CST utc-0600, END] 250 / 6480


## [1708074701595686030, 2024-02-16 03:11:41 CST utc-0600, BEGIN] 251 / 6480
## [1708074913999891851, 2024-02-16 03:15:14 CST utc-0600, END] 251 / 6480


## [1708074914003798527, 2024-02-16 03:15:14 CST utc-0600, BEGIN] 252 / 6480
## [1708075126504491859, 2024-02-16 03:18:46 CST utc-0600, END] 252 / 6480


## [1708075126508951595, 2024-02-16 03:18:46 CST utc-0600, BEGIN] 253 / 6480
## [1708075339406289069, 2024-02-16 03:22:19 CST utc-0600, END] 253 / 6480


## [1708075339410434971, 2024-02-16 03:22:19 CST utc-0600, BEGIN] 254 / 6480
## [1708075551923523598, 2024-02-16 03:25:51 CST utc-0600, END] 254 / 6480


## [1708075551927798730, 2024-02-16 03:25:51 CST utc-0600, BEGIN] 255 / 6480
## [1708075764681820664, 2024-02-16 03:29:24 CST utc-0600, END] 255 / 6480


## [1708075764686154603, 2024-02-16 03:29:24 CST utc-0600, BEGIN] 256 / 6480
## [1708075977449969640, 2024-02-16 03:32:57 CST utc-0600, END] 256 / 6480


## [1708075977454469607, 2024-02-16 03:32:57 CST utc-0600, BEGIN] 257 / 6480
## [1708076190011489369, 2024-02-16 03:36:30 CST utc-0600, END] 257 / 6480


## [1708076190015944320, 2024-02-16 03:36:30 CST utc-0600, BEGIN] 258 / 6480
## [1708076402591415897, 2024-02-16 03:40:02 CST utc-0600, END] 258 / 6480


## [1708076402595816874, 2024-02-16 03:40:02 CST utc-0600, BEGIN] 259 / 6480
## [1708076615377740344, 2024-02-16 03:43:35 CST utc-0600, END] 259 / 6480


## [1708076615382210946, 2024-02-16 03:43:35 CST utc-0600, BEGIN] 260 / 6480
## [1708076827776291523, 2024-02-16 03:47:07 CST utc-0600, END] 260 / 6480


## [1708076827780626205, 2024-02-16 03:47:07 CST utc-0600, BEGIN] 261 / 6480
## [1708077040158263988, 2024-02-16 03:50:40 CST utc-0600, END] 261 / 6480


## [1708077040162799929, 2024-02-16 03:50:40 CST utc-0600, BEGIN] 262 / 6480
## [1708077252874762896, 2024-02-16 03:54:12 CST utc-0600, END] 262 / 6480


## [1708077252879122573, 2024-02-16 03:54:12 CST utc-0600, BEGIN] 263 / 6480
## [1708077465563058966, 2024-02-16 03:57:45 CST utc-0600, END] 263 / 6480


## [1708077465567515792, 2024-02-16 03:57:45 CST utc-0600, BEGIN] 264 / 6480
## [1708077678149445781, 2024-02-16 04:01:18 CST utc-0600, END] 264 / 6480


## [1708077678153989841, 2024-02-16 04:01:18 CST utc-0600, BEGIN] 265 / 6480
## [1708077890420510965, 2024-02-16 04:04:50 CST utc-0600, END] 265 / 6480


## [1708077890424544776, 2024-02-16 04:04:50 CST utc-0600, BEGIN] 266 / 6480
## [1708078102542767717, 2024-02-16 04:08:22 CST utc-0600, END] 266 / 6480


## [1708078102547095015, 2024-02-16 04:08:22 CST utc-0600, BEGIN] 267 / 6480
## [1708078314735879935, 2024-02-16 04:11:54 CST utc-0600, END] 267 / 6480


## [1708078314740428987, 2024-02-16 04:11:54 CST utc-0600, BEGIN] 268 / 6480
## [1708078527255687505, 2024-02-16 04:15:27 CST utc-0600, END] 268 / 6480


## [1708078527260212713, 2024-02-16 04:15:27 CST utc-0600, BEGIN] 269 / 6480
## [1708078739667682188, 2024-02-16 04:18:59 CST utc-0600, END] 269 / 6480


## [1708078739672140795, 2024-02-16 04:18:59 CST utc-0600, BEGIN] 270 / 6480
## [1708078951675437923, 2024-02-16 04:22:31 CST utc-0600, END] 270 / 6480


## [1708078951679883645, 2024-02-16 04:22:31 CST utc-0600, BEGIN] 271 / 6480
## [1708079163144021024, 2024-02-16 04:26:03 CST utc-0600, END] 271 / 6480


## [1708079163147638775, 2024-02-16 04:26:03 CST utc-0600, BEGIN] 272 / 6480
## [1708079373894764011, 2024-02-16 04:29:33 CST utc-0600, END] 272 / 6480


## [1708079373899134085, 2024-02-16 04:29:33 CST utc-0600, BEGIN] 273 / 6480
## [1708079585809443981, 2024-02-16 04:33:05 CST utc-0600, END] 273 / 6480


## [1708079585813983491, 2024-02-16 04:33:05 CST utc-0600, BEGIN] 274 / 6480
## [1708079797089509851, 2024-02-16 04:36:37 CST utc-0600, END] 274 / 6480


## [1708079797093977771, 2024-02-16 04:36:37 CST utc-0600, BEGIN] 275 / 6480
## [1708080008634636924, 2024-02-16 04:40:08 CST utc-0600, END] 275 / 6480


## [1708080008639233244, 2024-02-16 04:40:08 CST utc-0600, BEGIN] 276 / 6480
## [1708080219947436849, 2024-02-16 04:43:39 CST utc-0600, END] 276 / 6480


## [1708080219951918041, 2024-02-16 04:43:39 CST utc-0600, BEGIN] 277 / 6480
## [1708080431453352911, 2024-02-16 04:47:11 CST utc-0600, END] 277 / 6480


## [1708080431457859832, 2024-02-16 04:47:11 CST utc-0600, BEGIN] 278 / 6480
## [1708080643622746707, 2024-02-16 04:50:43 CST utc-0600, END] 278 / 6480


## [1708080643626625540, 2024-02-16 04:50:43 CST utc-0600, BEGIN] 279 / 6480
## [1708080855567660835, 2024-02-16 04:54:15 CST utc-0600, END] 279 / 6480


## [1708080855571850774, 2024-02-16 04:54:15 CST utc-0600, BEGIN] 280 / 6480
## [1708081067244502440, 2024-02-16 04:57:47 CST utc-0600, END] 280 / 6480


