## [1713074494382404434, 2024-04-14 01:01:34 CDT utc-0500, BEGIN] 9 / 50
## [1713074927012841180, 2024-04-14 01:08:47 CDT utc-0500, END] 9 / 50


## [1713074927016895184, 2024-04-14 01:08:47 CDT utc-0500, BEGIN] 10 / 50
## [1713075359372994165, 2024-04-14 01:15:59 CDT utc-0500, END] 10 / 50


## [1713075359377273081, 2024-04-14 01:15:59 CDT utc-0500, BEGIN] 17 / 100
## [1713075566875343533, 2024-04-14 01:19:26 CDT utc-0500, END] 17 / 100


## [1713075566879563753, 2024-04-14 01:19:26 CDT utc-0500, BEGIN] 18 / 100
## [1713075774971690956, 2024-04-14 01:22:54 CDT utc-0500, END] 18 / 100


## [1713075774975858709, 2024-04-14 01:22:54 CDT utc-0500, BEGIN] 19 / 100
## [1713075982474548809, 2024-04-14 01:26:22 CDT utc-0500, END] 19 / 100


## [1713075982478797763, 2024-04-14 01:26:22 CDT utc-0500, BEGIN] 20 / 100
## [1713076190432036325, 2024-04-14 01:29:50 CDT utc-0500, END] 20 / 100


## [1713076190436241866, 2024-04-14 01:29:50 CDT utc-0500, BEGIN] 21 / 100
## [1713076398634173662, 2024-04-14 01:33:18 CDT utc-0500, END] 21 / 100


## [1713076398638462842, 2024-04-14 01:33:18 CDT utc-0500, BEGIN] 22 / 100
## [1713076606452835646, 2024-04-14 01:36:46 CDT utc-0500, END] 22 / 100


## [1713076606456398287, 2024-04-14 01:36:46 CDT utc-0500, BEGIN] 23 / 100
## [1713076814244501499, 2024-04-14 01:40:14 CDT utc-0500, END] 23 / 100


## [1713076814248007488, 2024-04-14 01:40:14 CDT utc-0500, BEGIN] 24 / 100
## [1713077022096388514, 2024-04-14 01:43:42 CDT utc-0500, END] 24 / 100


## [1713077022100649650, 2024-04-14 01:43:42 CDT utc-0500, BEGIN] 25 / 100
## [1713077229963841050, 2024-04-14 01:47:09 CDT utc-0500, END] 25 / 100


## [1713077229968114391, 2024-04-14 01:47:09 CDT utc-0500, BEGIN] 26 / 100
## [1713077437453017704, 2024-04-14 01:50:37 CDT utc-0500, END] 26 / 100


## [1713077437457244433, 2024-04-14 01:50:37 CDT utc-0500, BEGIN] 27 / 100
## [1713077645164387308, 2024-04-14 01:54:05 CDT utc-0500, END] 27 / 100


## [1713077645168411930, 2024-04-14 01:54:05 CDT utc-0500, BEGIN] 28 / 100
## [1713077852767795303, 2024-04-14 01:57:32 CDT utc-0500, END] 28 / 100


## [1713077852771743171, 2024-04-14 01:57:32 CDT utc-0500, BEGIN] 29 / 100
## [1713078060657984959, 2024-04-14 02:01:00 CDT utc-0500, END] 29 / 100


## [1713078060661959123, 2024-04-14 02:01:00 CDT utc-0500, BEGIN] 30 / 100
## [1713078268198809700, 2024-04-14 02:04:28 CDT utc-0500, END] 30 / 100


## [1713078268203024096, 2024-04-14 02:04:28 CDT utc-0500, BEGIN] 31 / 100
## [1713078476074528929, 2024-04-14 02:07:56 CDT utc-0500, END] 31 / 100


## [1713078476078640427, 2024-04-14 02:07:56 CDT utc-0500, BEGIN] 32 / 100
## [1713078683323708667, 2024-04-14 02:11:23 CDT utc-0500, END] 32 / 100


## [1713065876875354281, 2024-04-13 22:37:56 CDT utc-0500, BEGIN] 97 / 200
##################################################
[1713067717714038016, 2024-04-13 23:08:37.714078]
/users/rmlu/workdir/xinda/main.py --sys_name hadoop --data_dir rq1_1 --fault_type fs --fault_location namenode --fault_duration -1 --fault_severity 1000 --fault_start_time 60 --bench_exec_time 150 --benchmark terasort --iter 47 --unique_identifier 97 --batch_test_log /users/rmlu/workdir/xinda/test_scripts/RQ1_1/meta-norestart-hadoop-fs-nw-dur--1-st-60-terasort-50iter.log
Traceback (most recent call last):
  File "/users/rmlu/workdir/xinda/main.py", line 394, in <module>
    sys.test()
  File "/users/rmlu/workdir/xinda/xinda/systems/mapred.py", line 19, in test
    self._docker_status_checker()
  File "/users/rmlu/workdir/xinda/xinda/systems/mapred.py", line 61, in _docker_status_checker
    time.sleep(10)
KeyboardInterrupt
##################################################
## [1713067717753478215, 2024-04-13 23:08:37 CDT utc-0500, END] 97 / 200


## [1713067717757470716, 2024-04-13 23:08:37 CDT utc-0500, BEGIN] 98 / 200
## [1713067915915661570, 2024-04-13 23:11:55 CDT utc-0500, END] 98 / 200


## [1713067915920056626, 2024-04-13 23:11:55 CDT utc-0500, BEGIN] 99 / 200
## [1713068113202917547, 2024-04-13 23:15:13 CDT utc-0500, END] 99 / 200


## [1713068113207035900, 2024-04-13 23:15:13 CDT utc-0500, BEGIN] 100 / 200
## [1713068315540749595, 2024-04-13 23:18:35 CDT utc-0500, END] 100 / 200


## [1713068315545018739, 2024-04-13 23:18:35 CDT utc-0500, BEGIN] 101 / 200
## [1713068534796000791, 2024-04-13 23:22:14 CDT utc-0500, END] 101 / 200


## [1713068534799971455, 2024-04-13 23:22:14 CDT utc-0500, BEGIN] 102 / 200
## [1713068755928257976, 2024-04-13 23:25:55 CDT utc-0500, END] 102 / 200


## [1713068755932644867, 2024-04-13 23:25:55 CDT utc-0500, BEGIN] 103 / 200
## [1713068978974211257, 2024-04-13 23:29:38 CDT utc-0500, END] 103 / 200


## [1713068978978415569, 2024-04-13 23:29:38 CDT utc-0500, BEGIN] 104 / 200
## [1713069201000835843, 2024-04-13 23:33:21 CDT utc-0500, END] 104 / 200


## [1713069201004891035, 2024-04-13 23:33:21 CDT utc-0500, BEGIN] 105 / 200
## [1713069420990687588, 2024-04-13 23:37:00 CDT utc-0500, END] 105 / 200


## [1713069420994653403, 2024-04-13 23:37:00 CDT utc-0500, BEGIN] 106 / 200
## [1713069642735152677, 2024-04-13 23:40:42 CDT utc-0500, END] 106 / 200


## [1713069642739402078, 2024-04-13 23:40:42 CDT utc-0500, BEGIN] 107 / 200
## [1713069863903785030, 2024-04-13 23:44:23 CDT utc-0500, END] 107 / 200


## [1713069863907933969, 2024-04-13 23:44:23 CDT utc-0500, BEGIN] 108 / 200
## [1713070084897822035, 2024-04-13 23:48:04 CDT utc-0500, END] 108 / 200


## [1713070084902295517, 2024-04-13 23:48:04 CDT utc-0500, BEGIN] 109 / 200
## [1713070305000517555, 2024-04-13 23:51:45 CDT utc-0500, END] 109 / 200


## [1713070305004637979, 2024-04-13 23:51:45 CDT utc-0500, BEGIN] 110 / 200
## [1713070525702729606, 2024-04-13 23:55:25 CDT utc-0500, END] 110 / 200


## [1713070525707015222, 2024-04-13 23:55:25 CDT utc-0500, BEGIN] 111 / 200
## [1713070746413957677, 2024-04-13 23:59:06 CDT utc-0500, END] 111 / 200


## [1713070746418397998, 2024-04-13 23:59:06 CDT utc-0500, BEGIN] 112 / 200
## [1713070967358599279, 2024-04-14 00:02:47 CDT utc-0500, END] 112 / 200


## [1713070967362921333, 2024-04-14 00:02:47 CDT utc-0500, BEGIN] 113 / 200
## [1713071186266959122, 2024-04-14 00:06:26 CDT utc-0500, END] 113 / 200


## [1713071186271130819, 2024-04-14 00:06:26 CDT utc-0500, BEGIN] 114 / 200
## [1713071405305201729, 2024-04-14 00:10:05 CDT utc-0500, END] 114 / 200


## [1713071405309543146, 2024-04-14 00:10:05 CDT utc-0500, BEGIN] 115 / 200
## [1713071624251820711, 2024-04-14 00:13:44 CDT utc-0500, END] 115 / 200


## [1713071624256118678, 2024-04-14 00:13:44 CDT utc-0500, BEGIN] 116 / 200
## [1713071847295192205, 2024-04-14 00:17:27 CDT utc-0500, END] 116 / 200


## [1713071847299589097, 2024-04-14 00:17:27 CDT utc-0500, BEGIN] 117 / 200
## [1713072065829425188, 2024-04-14 00:21:05 CDT utc-0500, END] 117 / 200


## [1713072065833844216, 2024-04-14 00:21:05 CDT utc-0500, BEGIN] 118 / 200
## [1713072284205185150, 2024-04-14 00:24:44 CDT utc-0500, END] 118 / 200


## [1713072284209342059, 2024-04-14 00:24:44 CDT utc-0500, BEGIN] 119 / 200
## [1713072505848181541, 2024-04-14 00:28:25 CDT utc-0500, END] 119 / 200


## [1713072505852521069, 2024-04-14 00:28:25 CDT utc-0500, BEGIN] 120 / 200
## [1713072727019544944, 2024-04-14 00:32:07 CDT utc-0500, END] 120 / 200


## [1713072727023713381, 2024-04-14 00:32:07 CDT utc-0500, BEGIN] 121 / 200
## [1713072947553411867, 2024-04-14 00:35:47 CDT utc-0500, END] 121 / 200


## [1713072947557587778, 2024-04-14 00:35:47 CDT utc-0500, BEGIN] 122 / 200
## [1713073167639548128, 2024-04-14 00:39:27 CDT utc-0500, END] 122 / 200


## [1713073167643795823, 2024-04-14 00:39:27 CDT utc-0500, BEGIN] 123 / 200
## [1713073389483795511, 2024-04-14 00:43:09 CDT utc-0500, END] 123 / 200


## [1713073389488175002, 2024-04-14 00:43:09 CDT utc-0500, BEGIN] 124 / 200
## [1713073611125520538, 2024-04-14 00:46:51 CDT utc-0500, END] 124 / 200


## [1713073611129539186, 2024-04-14 00:46:51 CDT utc-0500, BEGIN] 125 / 200
## [1713073830864200226, 2024-04-14 00:50:30 CDT utc-0500, END] 125 / 200


## [1713073830868527279, 2024-04-14 00:50:30 CDT utc-0500, BEGIN] 126 / 200
## [1713074051599037503, 2024-04-14 00:54:11 CDT utc-0500, END] 126 / 200


## [1713074051603385206, 2024-04-14 00:54:11 CDT utc-0500, BEGIN] 127 / 200
## [1713074272939413840, 2024-04-14 00:57:52 CDT utc-0500, END] 127 / 200


## [1713074272943691648, 2024-04-14 00:57:52 CDT utc-0500, BEGIN] 128 / 200
## [1713074494378111247, 2024-04-14 01:01:34 CDT utc-0500, END] 128 / 200


