## [1713074081458112741, 2024-04-14 00:54:41 CDT utc-0500, BEGIN] 1 / 200
## [1713074280788651793, 2024-04-14 00:58:00 CDT utc-0500, END] 1 / 200


## [1713074280792756943, 2024-04-14 00:58:00 CDT utc-0500, BEGIN] 2 / 200
## [1713074479614857107, 2024-04-14 01:01:19 CDT utc-0500, END] 2 / 200


## [1713074479618921635, 2024-04-14 01:01:19 CDT utc-0500, BEGIN] 3 / 200
## [1713074678858478163, 2024-04-14 01:04:38 CDT utc-0500, END] 3 / 200


## [1713074678862557304, 2024-04-14 01:04:38 CDT utc-0500, BEGIN] 4 / 200
## [1713074878139525018, 2024-04-14 01:07:58 CDT utc-0500, END] 4 / 200


## [1713074878143357993, 2024-04-14 01:07:58 CDT utc-0500, BEGIN] 5 / 200
## [1713075076908155006, 2024-04-14 01:11:16 CDT utc-0500, END] 5 / 200


## [1713075076912019714, 2024-04-14 01:11:16 CDT utc-0500, BEGIN] 6 / 200
## [1713075275827735885, 2024-04-14 01:14:35 CDT utc-0500, END] 6 / 200


## [1713075275831304410, 2024-04-14 01:14:35 CDT utc-0500, BEGIN] 7 / 200
## [1713075474570046395, 2024-04-14 01:17:54 CDT utc-0500, END] 7 / 200


## [1713075474573688380, 2024-04-14 01:17:54 CDT utc-0500, BEGIN] 8 / 200
## [1713075673361954047, 2024-04-14 01:21:13 CDT utc-0500, END] 8 / 200


## [1713075673365983630, 2024-04-14 01:21:13 CDT utc-0500, BEGIN] 9 / 200
## [1713075872667161416, 2024-04-14 01:24:32 CDT utc-0500, END] 9 / 200


## [1713075872671223465, 2024-04-14 01:24:32 CDT utc-0500, BEGIN] 10 / 200
## [1713076071340708396, 2024-04-14 01:27:51 CDT utc-0500, END] 10 / 200


## [1713076071344689742, 2024-04-14 01:27:51 CDT utc-0500, BEGIN] 11 / 200
## [1713076270114554442, 2024-04-14 01:31:10 CDT utc-0500, END] 11 / 200


## [1713076270118693044, 2024-04-14 01:31:10 CDT utc-0500, BEGIN] 12 / 200
## [1713076469451255817, 2024-04-14 01:34:29 CDT utc-0500, END] 12 / 200


## [1713076469455187360, 2024-04-14 01:34:29 CDT utc-0500, BEGIN] 13 / 200
## [1713076668208590361, 2024-04-14 01:37:48 CDT utc-0500, END] 13 / 200


## [1713076668212590641, 2024-04-14 01:37:48 CDT utc-0500, BEGIN] 14 / 200
## [1713076866922040725, 2024-04-14 01:41:06 CDT utc-0500, END] 14 / 200


## [1713076866926097504, 2024-04-14 01:41:06 CDT utc-0500, BEGIN] 15 / 200
## [1713077065641477890, 2024-04-14 01:44:25 CDT utc-0500, END] 15 / 200


## [1713077065645687198, 2024-04-14 01:44:25 CDT utc-0500, BEGIN] 16 / 200
## [1713077264635750147, 2024-04-14 01:47:44 CDT utc-0500, END] 16 / 200


## [1713077264639830051, 2024-04-14 01:47:44 CDT utc-0500, BEGIN] 17 / 200
## [1713077463454380211, 2024-04-14 01:51:03 CDT utc-0500, END] 17 / 200


## [1713077463458306582, 2024-04-14 01:51:03 CDT utc-0500, BEGIN] 18 / 200
## [1713077662860905624, 2024-04-14 01:54:22 CDT utc-0500, END] 18 / 200


## [1713077662865036445, 2024-04-14 01:54:22 CDT utc-0500, BEGIN] 19 / 200
## [1713077862177575294, 2024-04-14 01:57:42 CDT utc-0500, END] 19 / 200


## [1713077862181492847, 2024-04-14 01:57:42 CDT utc-0500, BEGIN] 20 / 200
## [1713078060980985839, 2024-04-14 02:01:00 CDT utc-0500, END] 20 / 200


## [1713078060985000398, 2024-04-14 02:01:00 CDT utc-0500, BEGIN] 21 / 200
## [1713078259656721616, 2024-04-14 02:04:19 CDT utc-0500, END] 21 / 200


## [1713078259661079873, 2024-04-14 02:04:19 CDT utc-0500, BEGIN] 22 / 200
## [1713078458935517759, 2024-04-14 02:07:38 CDT utc-0500, END] 22 / 200


## [1713078458939730853, 2024-04-14 02:07:38 CDT utc-0500, BEGIN] 23 / 200
## [1713078657671694776, 2024-04-14 02:10:57 CDT utc-0500, END] 23 / 200


## [1713078657675671594, 2024-04-14 02:10:57 CDT utc-0500, BEGIN] 24 / 200
## [1713078856531079551, 2024-04-14 02:14:16 CDT utc-0500, END] 24 / 200


## [1713078856535084778, 2024-04-14 02:14:16 CDT utc-0500, BEGIN] 25 / 200
## [1713079055898039347, 2024-04-14 02:17:35 CDT utc-0500, END] 25 / 200


## [1713079055902171468, 2024-04-14 02:17:35 CDT utc-0500, BEGIN] 26 / 200
## [1713079254598929942, 2024-04-14 02:20:54 CDT utc-0500, END] 26 / 200


## [1713079254602974928, 2024-04-14 02:20:54 CDT utc-0500, BEGIN] 27 / 200
## [1713079453323306371, 2024-04-14 02:24:13 CDT utc-0500, END] 27 / 200


## [1713079453327403858, 2024-04-14 02:24:13 CDT utc-0500, BEGIN] 28 / 200
## [1713079652653224782, 2024-04-14 02:27:32 CDT utc-0500, END] 28 / 200


## [1713079652657436485, 2024-04-14 02:27:32 CDT utc-0500, BEGIN] 29 / 200
## [1713079851959137864, 2024-04-14 02:30:51 CDT utc-0500, END] 29 / 200


## [1713079851962929536, 2024-04-14 02:30:51 CDT utc-0500, BEGIN] 30 / 200
## [1713080050913302706, 2024-04-14 02:34:10 CDT utc-0500, END] 30 / 200


## [1713080050917397950, 2024-04-14 02:34:10 CDT utc-0500, BEGIN] 31 / 200
## [1713080250147966731, 2024-04-14 02:37:30 CDT utc-0500, END] 31 / 200


## [1713080250152129265, 2024-04-14 02:37:30 CDT utc-0500, BEGIN] 32 / 200
## [1713080448879008195, 2024-04-14 02:40:48 CDT utc-0500, END] 32 / 200


## [1713065813850845551, 2024-04-13 22:36:53 CDT utc-0500, BEGIN] 1 / 200
##################################################
[1713067664263240704, 2024-04-13 23:07:44.263279]
/users/rmlu/workdir/xinda/main.py --sys_name hadoop --data_dir rq1_1 --fault_type fs --fault_location datanode --fault_duration -1 --fault_severity 1000 --fault_start_time 60 --bench_exec_time 150 --benchmark terasort --iter 1 --unique_identifier 1 --batch_test_log /users/rmlu/workdir/xinda/test_scripts/RQ1_1/meta-norestart-hadoop-fs-nw-dur--1-st-60-terasort-50iter.log
Traceback (most recent call last):
  File "/users/rmlu/workdir/xinda/main.py", line 394, in <module>
    sys.test()
  File "/users/rmlu/workdir/xinda/xinda/systems/mapred.py", line 19, in test
    self._docker_status_checker()
  File "/users/rmlu/workdir/xinda/xinda/systems/mapred.py", line 61, in _docker_status_checker
    time.sleep(10)
KeyboardInterrupt
##################################################
## [1713067664302755575, 2024-04-13 23:07:44 CDT utc-0500, END] 1 / 200


## [1713067664307182431, 2024-04-13 23:07:44 CDT utc-0500, BEGIN] 2 / 200
## [1713067865939797786, 2024-04-13 23:11:05 CDT utc-0500, END] 2 / 200


## [1713067865943973808, 2024-04-13 23:11:05 CDT utc-0500, BEGIN] 3 / 200
## [1713068073188682449, 2024-04-13 23:14:33 CDT utc-0500, END] 3 / 200


## [1713068073192653045, 2024-04-13 23:14:33 CDT utc-0500, BEGIN] 4 / 200
## [1713068280677701287, 2024-04-13 23:18:00 CDT utc-0500, END] 4 / 200


## [1713068280681607884, 2024-04-13 23:18:00 CDT utc-0500, BEGIN] 5 / 200
## [1713068483950158908, 2024-04-13 23:21:23 CDT utc-0500, END] 5 / 200


## [1713068483954220912, 2024-04-13 23:21:23 CDT utc-0500, BEGIN] 6 / 200
## [1713068702560401304, 2024-04-13 23:25:02 CDT utc-0500, END] 6 / 200


## [1713068702564466262, 2024-04-13 23:25:02 CDT utc-0500, BEGIN] 7 / 200
## [1713068911623281047, 2024-04-13 23:28:31 CDT utc-0500, END] 7 / 200


## [1713068911627316403, 2024-04-13 23:28:31 CDT utc-0500, BEGIN] 8 / 200
## [1713069108320564699, 2024-04-13 23:31:48 CDT utc-0500, END] 8 / 200


## [1713069108324645899, 2024-04-13 23:31:48 CDT utc-0500, BEGIN] 9 / 200
## [1713069308755031398, 2024-04-13 23:35:08 CDT utc-0500, END] 9 / 200


## [1713069308759264398, 2024-04-13 23:35:08 CDT utc-0500, BEGIN] 10 / 200
## [1713069523519836894, 2024-04-13 23:38:43 CDT utc-0500, END] 10 / 200


## [1713069523524011818, 2024-04-13 23:38:43 CDT utc-0500, BEGIN] 11 / 200
## [1713069725864171098, 2024-04-13 23:42:05 CDT utc-0500, END] 11 / 200


## [1713069725868282499, 2024-04-13 23:42:05 CDT utc-0500, BEGIN] 12 / 200
## [1713069939806487029, 2024-04-13 23:45:39 CDT utc-0500, END] 12 / 200


## [1713069939810616013, 2024-04-13 23:45:39 CDT utc-0500, BEGIN] 13 / 200
## [1713070143727401030, 2024-04-13 23:49:03 CDT utc-0500, END] 13 / 200


## [1713070143731582073, 2024-04-13 23:49:03 CDT utc-0500, BEGIN] 14 / 200
## [1713070368785360539, 2024-04-13 23:52:48 CDT utc-0500, END] 14 / 200


## [1713070368789431062, 2024-04-13 23:52:48 CDT utc-0500, BEGIN] 15 / 200
## [1713070582537460783, 2024-04-13 23:56:22 CDT utc-0500, END] 15 / 200


## [1713070582541565969, 2024-04-13 23:56:22 CDT utc-0500, BEGIN] 16 / 200
## [1713070788816413791, 2024-04-13 23:59:48 CDT utc-0500, END] 16 / 200


## [1713070788820536314, 2024-04-13 23:59:48 CDT utc-0500, BEGIN] 17 / 200
## [1713070999668809529, 2024-04-14 00:03:19 CDT utc-0500, END] 17 / 200


## [1713070999672896618, 2024-04-14 00:03:19 CDT utc-0500, BEGIN] 18 / 200
## [1713071206486416810, 2024-04-14 00:06:46 CDT utc-0500, END] 18 / 200


## [1713071206490584971, 2024-04-14 00:06:46 CDT utc-0500, BEGIN] 19 / 200
## [1713071413060349892, 2024-04-14 00:10:13 CDT utc-0500, END] 19 / 200


## [1713071413064425208, 2024-04-14 00:10:13 CDT utc-0500, BEGIN] 20 / 200
## [1713071621521358597, 2024-04-14 00:13:41 CDT utc-0500, END] 20 / 200


## [1713071621525528201, 2024-04-14 00:13:41 CDT utc-0500, BEGIN] 21 / 200
## [1713071829353298197, 2024-04-14 00:17:09 CDT utc-0500, END] 21 / 200


## [1713071829357481513, 2024-04-14 00:17:09 CDT utc-0500, BEGIN] 22 / 200
## [1713072043378205160, 2024-04-14 00:20:43 CDT utc-0500, END] 22 / 200


## [1713072043382360447, 2024-04-14 00:20:43 CDT utc-0500, BEGIN] 23 / 200
## [1713072253041827978, 2024-04-14 00:24:13 CDT utc-0500, END] 23 / 200


## [1713072253045966702, 2024-04-14 00:24:13 CDT utc-0500, BEGIN] 24 / 200
## [1713072452246507676, 2024-04-14 00:27:32 CDT utc-0500, END] 24 / 200


## [1713072452250722073, 2024-04-14 00:27:32 CDT utc-0500, BEGIN] 25 / 200
## [1713072652948567988, 2024-04-14 00:30:52 CDT utc-0500, END] 25 / 200


## [1713072652952683723, 2024-04-14 00:30:52 CDT utc-0500, BEGIN] 26 / 200
## [1713072858736691249, 2024-04-14 00:34:18 CDT utc-0500, END] 26 / 200


## [1713072858740773256, 2024-04-14 00:34:18 CDT utc-0500, BEGIN] 27 / 200
## [1713073068548688118, 2024-04-14 00:37:48 CDT utc-0500, END] 27 / 200


## [1713073068552819679, 2024-04-14 00:37:48 CDT utc-0500, BEGIN] 28 / 200
## [1713073270531244178, 2024-04-14 00:41:10 CDT utc-0500, END] 28 / 200


## [1713073270535398169, 2024-04-14 00:41:10 CDT utc-0500, BEGIN] 29 / 200
## [1713073481275260409, 2024-04-14 00:44:41 CDT utc-0500, END] 29 / 200


## [1713073481278598570, 2024-04-14 00:44:41 CDT utc-0500, BEGIN] 30 / 200
## [1713073681050704165, 2024-04-14 00:48:01 CDT utc-0500, END] 30 / 200


## [1713073681054874275, 2024-04-14 00:48:01 CDT utc-0500, BEGIN] 31 / 200
## [1713073879188782304, 2024-04-14 00:51:19 CDT utc-0500, END] 31 / 200


## [1713073879192927851, 2024-04-14 00:51:19 CDT utc-0500, BEGIN] 32 / 200
## [1713074081453887284, 2024-04-14 00:54:41 CDT utc-0500, END] 32 / 200


## [1713080448883079664, 2024-04-14 02:40:48 CDT utc-0500, BEGIN] 1 / 50
## [1713080759131869206, 2024-04-14 02:45:59 CDT utc-0500, END] 1 / 50


## [1713080759136212716, 2024-04-14 02:45:59 CDT utc-0500, BEGIN] 2 / 50
## [1713081071230293707, 2024-04-14 02:51:11 CDT utc-0500, END] 2 / 50


## [1713081071234684720, 2024-04-14 02:51:11 CDT utc-0500, BEGIN] 3 / 50
## [1713081380197244751, 2024-04-14 02:56:20 CDT utc-0500, END] 3 / 50


## [1713081380201664657, 2024-04-14 02:56:20 CDT utc-0500, BEGIN] 4 / 50
## [1713081689449073844, 2024-04-14 03:01:29 CDT utc-0500, END] 4 / 50


## [1713081689453478896, 2024-04-14 03:01:29 CDT utc-0500, BEGIN] 5 / 50
## [1713081999959627611, 2024-04-14 03:06:39 CDT utc-0500, END] 5 / 50


## [1713081999963952406, 2024-04-14 03:06:39 CDT utc-0500, BEGIN] 6 / 50
## [1713082307524223672, 2024-04-14 03:11:47 CDT utc-0500, END] 6 / 50


## [1713082307528603293, 2024-04-14 03:11:47 CDT utc-0500, BEGIN] 7 / 50
## [1713082616035530546, 2024-04-14 03:16:56 CDT utc-0500, END] 7 / 50


## [1713082616039969266, 2024-04-14 03:16:56 CDT utc-0500, BEGIN] 8 / 50
## [1713082924521234550, 2024-04-14 03:22:04 CDT utc-0500, END] 8 / 50


