## [1713075434990328757, 2024-04-14 01:17:14 CDT utc-0500, BEGIN] 1 / 50
## [1713075867240870611, 2024-04-14 01:24:27 CDT utc-0500, END] 1 / 50


## [1713075867245193841, 2024-04-14 01:24:27 CDT utc-0500, BEGIN] 2 / 50
## [1713076299282184911, 2024-04-14 01:31:39 CDT utc-0500, END] 2 / 50


## [1713076299286549183, 2024-04-14 01:31:39 CDT utc-0500, BEGIN] 3 / 50
## [1713076733401736835, 2024-04-14 01:38:53 CDT utc-0500, END] 3 / 50


## [1713076733406142629, 2024-04-14 01:38:53 CDT utc-0500, BEGIN] 4 / 50
## [1713077166648959104, 2024-04-14 01:46:06 CDT utc-0500, END] 4 / 50


## [1713077166653366833, 2024-04-14 01:46:06 CDT utc-0500, BEGIN] 5 / 50
## [1713077598961530565, 2024-04-14 01:53:18 CDT utc-0500, END] 5 / 50


## [1713077598965855096, 2024-04-14 01:53:18 CDT utc-0500, BEGIN] 6 / 50
## [1713078032456384514, 2024-04-14 02:00:32 CDT utc-0500, END] 6 / 50


## [1713078032460826653, 2024-04-14 02:00:32 CDT utc-0500, BEGIN] 7 / 50
## [1713078464180080217, 2024-04-14 02:07:44 CDT utc-0500, END] 7 / 50


## [1713078464184285430, 2024-04-14 02:07:44 CDT utc-0500, BEGIN] 8 / 50
## [1713078897248142125, 2024-04-14 02:14:57 CDT utc-0500, END] 8 / 50


## [1713078897252438287, 2024-04-14 02:14:57 CDT utc-0500, BEGIN] 1 / 100
## [1713079104720115570, 2024-04-14 02:18:24 CDT utc-0500, END] 1 / 100


## [1713079104724320759, 2024-04-14 02:18:24 CDT utc-0500, BEGIN] 2 / 100
## [1713079312393659908, 2024-04-14 02:21:52 CDT utc-0500, END] 2 / 100


## [1713079312397866133, 2024-04-14 02:21:52 CDT utc-0500, BEGIN] 3 / 100
## [1713079520664522668, 2024-04-14 02:25:20 CDT utc-0500, END] 3 / 100


## [1713079520668178259, 2024-04-14 02:25:20 CDT utc-0500, BEGIN] 4 / 100
## [1713079728379904141, 2024-04-14 02:28:48 CDT utc-0500, END] 4 / 100


## [1713079728384152842, 2024-04-14 02:28:48 CDT utc-0500, BEGIN] 5 / 100
## [1713079936419886638, 2024-04-14 02:32:16 CDT utc-0500, END] 5 / 100


## [1713079936423885498, 2024-04-14 02:32:16 CDT utc-0500, BEGIN] 6 / 100
## [1713080144192923333, 2024-04-14 02:35:44 CDT utc-0500, END] 6 / 100


## [1713080144196417177, 2024-04-14 02:35:44 CDT utc-0500, BEGIN] 7 / 100
## [1713080351835817209, 2024-04-14 02:39:11 CDT utc-0500, END] 7 / 100


## [1713080351840080498, 2024-04-14 02:39:11 CDT utc-0500, BEGIN] 8 / 100
## [1713080559365685178, 2024-04-14 02:42:39 CDT utc-0500, END] 8 / 100


## [1713080559369265741, 2024-04-14 02:42:39 CDT utc-0500, BEGIN] 9 / 100
## [1713080766957167476, 2024-04-14 02:46:06 CDT utc-0500, END] 9 / 100


## [1713080766961356214, 2024-04-14 02:46:06 CDT utc-0500, BEGIN] 10 / 100
## [1713080974401068929, 2024-04-14 02:49:34 CDT utc-0500, END] 10 / 100


## [1713080974405182536, 2024-04-14 02:49:34 CDT utc-0500, BEGIN] 11 / 100
## [1713081182087393496, 2024-04-14 02:53:02 CDT utc-0500, END] 11 / 100


## [1713081182091584939, 2024-04-14 02:53:02 CDT utc-0500, BEGIN] 12 / 100
## [1713081389825908739, 2024-04-14 02:56:29 CDT utc-0500, END] 12 / 100


## [1713081389830123577, 2024-04-14 02:56:29 CDT utc-0500, BEGIN] 13 / 100
## [1713081597357368590, 2024-04-14 02:59:57 CDT utc-0500, END] 13 / 100


## [1713081597361519059, 2024-04-14 02:59:57 CDT utc-0500, BEGIN] 14 / 100
## [1713081805468904510, 2024-04-14 03:03:25 CDT utc-0500, END] 14 / 100


## [1713081805472942983, 2024-04-14 03:03:25 CDT utc-0500, BEGIN] 15 / 100
## [1713082013172540075, 2024-04-14 03:06:53 CDT utc-0500, END] 15 / 100


## [1713082013176042950, 2024-04-14 03:06:53 CDT utc-0500, BEGIN] 16 / 100
## [1713082220831138653, 2024-04-14 03:10:20 CDT utc-0500, END] 16 / 100


## [1713073843910741525, 2024-04-14 00:50:43 CDT utc-0500, BEGIN] 65 / 200
## [1713074042638043420, 2024-04-14 00:54:02 CDT utc-0500, END] 65 / 200


## [1713074042642013923, 2024-04-14 00:54:02 CDT utc-0500, BEGIN] 66 / 200
## [1713074242044574076, 2024-04-14 00:57:22 CDT utc-0500, END] 66 / 200


## [1713074242048652436, 2024-04-14 00:57:22 CDT utc-0500, BEGIN] 67 / 200
## [1713074440944319936, 2024-04-14 01:00:40 CDT utc-0500, END] 67 / 200


## [1713074440948315766, 2024-04-14 01:00:40 CDT utc-0500, BEGIN] 68 / 200
## [1713074639621760527, 2024-04-14 01:03:59 CDT utc-0500, END] 68 / 200


## [1713074639625786290, 2024-04-14 01:03:59 CDT utc-0500, BEGIN] 69 / 200
## [1713074838299871021, 2024-04-14 01:07:18 CDT utc-0500, END] 69 / 200


## [1713074838303932471, 2024-04-14 01:07:18 CDT utc-0500, BEGIN] 70 / 200
## [1713075037628594893, 2024-04-14 01:10:37 CDT utc-0500, END] 70 / 200


## [1713075037632704757, 2024-04-14 01:10:37 CDT utc-0500, BEGIN] 71 / 200
## [1713075236378569854, 2024-04-14 01:13:56 CDT utc-0500, END] 71 / 200


## [1713075236382703271, 2024-04-14 01:13:56 CDT utc-0500, BEGIN] 72 / 200
## [1713075434986137432, 2024-04-14 01:17:14 CDT utc-0500, END] 72 / 200


## [1713065866789698999, 2024-04-13 22:37:46 CDT utc-0500, BEGIN] 65 / 200
##################################################
[1713067708389906944, 2024-04-13 23:08:28.389949]
/users/rmlu/workdir/xinda/main.py --sys_name hadoop --data_dir rq1_1 --fault_type fs --fault_location namenode --fault_duration -1 --fault_severity 1000 --fault_start_time 60 --bench_exec_time 150 --benchmark terasort --iter 15 --unique_identifier 65 --batch_test_log /users/rmlu/workdir/xinda/test_scripts/RQ1_1/meta-norestart-hadoop-fs-nw-dur--1-st-60-terasort-50iter.log
Traceback (most recent call last):
  File "/users/rmlu/workdir/xinda/main.py", line 394, in <module>
    sys.test()
  File "/users/rmlu/workdir/xinda/xinda/systems/mapred.py", line 19, in test
    self._docker_status_checker()
  File "/users/rmlu/workdir/xinda/xinda/systems/mapred.py", line 61, in _docker_status_checker
    time.sleep(10)
KeyboardInterrupt
##################################################
## [1713067708430568738, 2024-04-13 23:08:28 CDT utc-0500, END] 65 / 200


## [1713067708435124467, 2024-04-13 23:08:28 CDT utc-0500, BEGIN] 66 / 200
## [1713067903722065801, 2024-04-13 23:11:43 CDT utc-0500, END] 66 / 200


## [1713067903726102465, 2024-04-13 23:11:43 CDT utc-0500, BEGIN] 67 / 200
## [1713068100754205804, 2024-04-13 23:15:00 CDT utc-0500, END] 67 / 200


## [1713068100758248048, 2024-04-13 23:15:00 CDT utc-0500, BEGIN] 68 / 200
## [1713068300981031708, 2024-04-13 23:18:20 CDT utc-0500, END] 68 / 200


## [1713068300984803470, 2024-04-13 23:18:20 CDT utc-0500, BEGIN] 69 / 200
## [1713068496688967449, 2024-04-13 23:21:36 CDT utc-0500, END] 69 / 200


## [1713068496692501677, 2024-04-13 23:21:36 CDT utc-0500, BEGIN] 70 / 200
## [1713068693170962557, 2024-04-13 23:24:53 CDT utc-0500, END] 70 / 200


## [1713068693175169520, 2024-04-13 23:24:53 CDT utc-0500, BEGIN] 71 / 200
## [1713068888515760673, 2024-04-13 23:28:08 CDT utc-0500, END] 71 / 200


## [1713068888519857844, 2024-04-13 23:28:08 CDT utc-0500, BEGIN] 72 / 200
## [1713069084715576797, 2024-04-13 23:31:24 CDT utc-0500, END] 72 / 200


## [1713069084719228263, 2024-04-13 23:31:24 CDT utc-0500, BEGIN] 73 / 200
## [1713069282886172060, 2024-04-13 23:34:42 CDT utc-0500, END] 73 / 200


## [1713069282890479324, 2024-04-13 23:34:42 CDT utc-0500, BEGIN] 74 / 200
## [1713069480788611527, 2024-04-13 23:38:00 CDT utc-0500, END] 74 / 200


## [1713069480792410669, 2024-04-13 23:38:00 CDT utc-0500, BEGIN] 75 / 200
## [1713069683210970235, 2024-04-13 23:41:23 CDT utc-0500, END] 75 / 200


## [1713069683214967238, 2024-04-13 23:41:23 CDT utc-0500, BEGIN] 76 / 200
## [1713069882816225182, 2024-04-13 23:44:42 CDT utc-0500, END] 76 / 200


## [1713069882820478159, 2024-04-13 23:44:42 CDT utc-0500, BEGIN] 77 / 200
## [1713070080751896528, 2024-04-13 23:48:00 CDT utc-0500, END] 77 / 200


## [1713070080756063359, 2024-04-13 23:48:00 CDT utc-0500, BEGIN] 78 / 200
## [1713070278021501756, 2024-04-13 23:51:18 CDT utc-0500, END] 78 / 200


## [1713070278025863121, 2024-04-13 23:51:18 CDT utc-0500, BEGIN] 79 / 200
## [1713070476991277756, 2024-04-13 23:54:36 CDT utc-0500, END] 79 / 200


## [1713070476995498297, 2024-04-13 23:54:36 CDT utc-0500, BEGIN] 80 / 200
## [1713070674876102986, 2024-04-13 23:57:54 CDT utc-0500, END] 80 / 200


## [1713070674880552576, 2024-04-13 23:57:54 CDT utc-0500, BEGIN] 81 / 200
## [1713070872511081457, 2024-04-14 00:01:12 CDT utc-0500, END] 81 / 200


## [1713070872515043229, 2024-04-14 00:01:12 CDT utc-0500, BEGIN] 82 / 200
## [1713071072355226291, 2024-04-14 00:04:32 CDT utc-0500, END] 82 / 200


## [1713071072359319200, 2024-04-14 00:04:32 CDT utc-0500, BEGIN] 83 / 200
## [1713071271089585340, 2024-04-14 00:07:51 CDT utc-0500, END] 83 / 200


## [1713071271093556828, 2024-04-14 00:07:51 CDT utc-0500, BEGIN] 84 / 200
## [1713071469562336586, 2024-04-14 00:11:09 CDT utc-0500, END] 84 / 200


## [1713071469566259916, 2024-04-14 00:11:09 CDT utc-0500, BEGIN] 85 / 200
## [1713071662696418402, 2024-04-14 00:14:22 CDT utc-0500, END] 85 / 200


## [1713071662700471079, 2024-04-14 00:14:22 CDT utc-0500, BEGIN] 86 / 200
## [1713071860408654444, 2024-04-14 00:17:40 CDT utc-0500, END] 86 / 200


## [1713071860412746791, 2024-04-14 00:17:40 CDT utc-0500, BEGIN] 87 / 200
## [1713072055942287785, 2024-04-14 00:20:55 CDT utc-0500, END] 87 / 200


## [1713072055946468355, 2024-04-14 00:20:55 CDT utc-0500, BEGIN] 88 / 200
## [1713072253227127142, 2024-04-14 00:24:13 CDT utc-0500, END] 88 / 200


## [1713072253231113617, 2024-04-14 00:24:13 CDT utc-0500, BEGIN] 89 / 200
## [1713072455988455047, 2024-04-14 00:27:35 CDT utc-0500, END] 89 / 200


## [1713072455992701727, 2024-04-14 00:27:35 CDT utc-0500, BEGIN] 90 / 200
## [1713072654516267406, 2024-04-14 00:30:54 CDT utc-0500, END] 90 / 200


## [1713072654520331253, 2024-04-14 00:30:54 CDT utc-0500, BEGIN] 91 / 200
## [1713072852980819661, 2024-04-14 00:34:12 CDT utc-0500, END] 91 / 200


## [1713072852984313331, 2024-04-14 00:34:12 CDT utc-0500, BEGIN] 92 / 200
## [1713073052421419941, 2024-04-14 00:37:32 CDT utc-0500, END] 92 / 200


## [1713073052425605604, 2024-04-14 00:37:32 CDT utc-0500, BEGIN] 93 / 200
## [1713073248336622638, 2024-04-14 00:40:48 CDT utc-0500, END] 93 / 200


## [1713073248340772652, 2024-04-14 00:40:48 CDT utc-0500, BEGIN] 94 / 200
## [1713073447705404316, 2024-04-14 00:44:07 CDT utc-0500, END] 94 / 200


## [1713073447709201896, 2024-04-14 00:44:07 CDT utc-0500, BEGIN] 95 / 200
## [1713073644638344411, 2024-04-14 00:47:24 CDT utc-0500, END] 95 / 200


## [1713073644642346738, 2024-04-14 00:47:24 CDT utc-0500, BEGIN] 96 / 200
## [1713073843907087753, 2024-04-14 00:50:43 CDT utc-0500, END] 96 / 200


