## [1713074031938230029, 2024-04-14 00:53:51 CDT utc-0500, BEGIN] 33 / 200
## [1713074230767154005, 2024-04-14 00:57:10 CDT utc-0500, END] 33 / 200


## [1713074230771001250, 2024-04-14 00:57:10 CDT utc-0500, BEGIN] 34 / 200
## [1713074429501137802, 2024-04-14 01:00:29 CDT utc-0500, END] 34 / 200


## [1713074429505298029, 2024-04-14 01:00:29 CDT utc-0500, BEGIN] 35 / 200
## [1713074628223428939, 2024-04-14 01:03:48 CDT utc-0500, END] 35 / 200


## [1713074628227508471, 2024-04-14 01:03:48 CDT utc-0500, BEGIN] 36 / 200
## [1713074827455970030, 2024-04-14 01:07:07 CDT utc-0500, END] 36 / 200


## [1713074827460082364, 2024-04-14 01:07:07 CDT utc-0500, BEGIN] 37 / 200
## [1713075026188043115, 2024-04-14 01:10:26 CDT utc-0500, END] 37 / 200


## [1713075026191797381, 2024-04-14 01:10:26 CDT utc-0500, BEGIN] 38 / 200
## [1713075224972356020, 2024-04-14 01:13:44 CDT utc-0500, END] 38 / 200


## [1713075224976368171, 2024-04-14 01:13:44 CDT utc-0500, BEGIN] 39 / 200
## [1713075423767573494, 2024-04-14 01:17:03 CDT utc-0500, END] 39 / 200


## [1713075423771719720, 2024-04-14 01:17:03 CDT utc-0500, BEGIN] 40 / 200
## [1713075622580828538, 2024-04-14 01:20:22 CDT utc-0500, END] 40 / 200


## [1713075622584970721, 2024-04-14 01:20:22 CDT utc-0500, BEGIN] 41 / 200
## [1713075821359076892, 2024-04-14 01:23:41 CDT utc-0500, END] 41 / 200


## [1713075821363169295, 2024-04-14 01:23:41 CDT utc-0500, BEGIN] 42 / 200
## [1713076020565973514, 2024-04-14 01:27:00 CDT utc-0500, END] 42 / 200


## [1713076020570279808, 2024-04-14 01:27:00 CDT utc-0500, BEGIN] 43 / 200
## [1713076219927190538, 2024-04-14 01:30:19 CDT utc-0500, END] 43 / 200


## [1713076219931466787, 2024-04-14 01:30:19 CDT utc-0500, BEGIN] 44 / 200
## [1713076418755052145, 2024-04-14 01:33:38 CDT utc-0500, END] 44 / 200


## [1713076418759213792, 2024-04-14 01:33:38 CDT utc-0500, BEGIN] 45 / 200
## [1713076617441535857, 2024-04-14 01:36:57 CDT utc-0500, END] 45 / 200


## [1713076617445624470, 2024-04-14 01:36:57 CDT utc-0500, BEGIN] 46 / 200
## [1713076816734083164, 2024-04-14 01:40:16 CDT utc-0500, END] 46 / 200


## [1713076816737752702, 2024-04-14 01:40:16 CDT utc-0500, BEGIN] 47 / 200
## [1713077015604649858, 2024-04-14 01:43:35 CDT utc-0500, END] 47 / 200


## [1713077015608759315, 2024-04-14 01:43:35 CDT utc-0500, BEGIN] 48 / 200
## [1713077214344580607, 2024-04-14 01:46:54 CDT utc-0500, END] 48 / 200


## [1713077214348669858, 2024-04-14 01:46:54 CDT utc-0500, BEGIN] 49 / 200
## [1713077413663786421, 2024-04-14 01:50:13 CDT utc-0500, END] 49 / 200


## [1713077413667874583, 2024-04-14 01:50:13 CDT utc-0500, BEGIN] 50 / 200
## [1713077612465151707, 2024-04-14 01:53:32 CDT utc-0500, END] 50 / 200


## [1713077612469241369, 2024-04-14 01:53:32 CDT utc-0500, BEGIN] 51 / 200
## [1713077811209132129, 2024-04-14 01:56:51 CDT utc-0500, END] 51 / 200


## [1713077811213192253, 2024-04-14 01:56:51 CDT utc-0500, BEGIN] 52 / 200
## [1713078009964622484, 2024-04-14 02:00:09 CDT utc-0500, END] 52 / 200


## [1713078009968517310, 2024-04-14 02:00:09 CDT utc-0500, BEGIN] 53 / 200
## [1713078208815051727, 2024-04-14 02:03:28 CDT utc-0500, END] 53 / 200


## [1713078208819133129, 2024-04-14 02:03:28 CDT utc-0500, BEGIN] 54 / 200
## [1713078407552968493, 2024-04-14 02:06:47 CDT utc-0500, END] 54 / 200


## [1713078407557079217, 2024-04-14 02:06:47 CDT utc-0500, BEGIN] 55 / 200
## [1713078606889747381, 2024-04-14 02:10:06 CDT utc-0500, END] 55 / 200


## [1713078606893874834, 2024-04-14 02:10:06 CDT utc-0500, BEGIN] 56 / 200
## [1713078806199216713, 2024-04-14 02:13:26 CDT utc-0500, END] 56 / 200


## [1713078806203350700, 2024-04-14 02:13:26 CDT utc-0500, BEGIN] 57 / 200
## [1713079005445426328, 2024-04-14 02:16:45 CDT utc-0500, END] 57 / 200


## [1713079005449413543, 2024-04-14 02:16:45 CDT utc-0500, BEGIN] 58 / 200
## [1713079204211988369, 2024-04-14 02:20:04 CDT utc-0500, END] 58 / 200


## [1713079204216053164, 2024-04-14 02:20:04 CDT utc-0500, BEGIN] 59 / 200
## [1713079403393987375, 2024-04-14 02:23:23 CDT utc-0500, END] 59 / 200


## [1713079403398098044, 2024-04-14 02:23:23 CDT utc-0500, BEGIN] 60 / 200
## [1713079602181863799, 2024-04-14 02:26:42 CDT utc-0500, END] 60 / 200


## [1713079602185800102, 2024-04-14 02:26:42 CDT utc-0500, BEGIN] 61 / 200
## [1713079800873513226, 2024-04-14 02:30:00 CDT utc-0500, END] 61 / 200


## [1713079800877619639, 2024-04-14 02:30:00 CDT utc-0500, BEGIN] 62 / 200
## [1713079999620796698, 2024-04-14 02:33:19 CDT utc-0500, END] 62 / 200


## [1713079999625063927, 2024-04-14 02:33:19 CDT utc-0500, BEGIN] 63 / 200
## [1713080199058194566, 2024-04-14 02:36:39 CDT utc-0500, END] 63 / 200


## [1713080199062258441, 2024-04-14 02:36:39 CDT utc-0500, BEGIN] 64 / 200
## [1713080397766556018, 2024-04-14 02:39:57 CDT utc-0500, END] 64 / 200


## [1713065856676915402, 2024-04-13 22:37:36 CDT utc-0500, BEGIN] 33 / 200
##################################################
[1713067695991993344, 2024-04-13 23:08:15.992029]
/users/rmlu/workdir/xinda/main.py --sys_name hadoop --data_dir rq1_1 --fault_type fs --fault_location datanode --fault_duration -1 --fault_severity 1000 --fault_start_time 60 --bench_exec_time 150 --benchmark terasort --iter 33 --unique_identifier 33 --batch_test_log /users/rmlu/workdir/xinda/test_scripts/RQ1_1/meta-norestart-hadoop-fs-nw-dur--1-st-60-terasort-50iter.log
Traceback (most recent call last):
  File "/users/rmlu/workdir/xinda/main.py", line 394, in <module>
    sys.test()
  File "/users/rmlu/workdir/xinda/xinda/systems/mapred.py", line 19, in test
    self._docker_status_checker()
  File "/users/rmlu/workdir/xinda/xinda/systems/mapred.py", line 61, in _docker_status_checker
    time.sleep(10)
KeyboardInterrupt
##################################################
## [1713067696037906969, 2024-04-13 23:08:16 CDT utc-0500, END] 33 / 200


## [1713067696042291297, 2024-04-13 23:08:16 CDT utc-0500, BEGIN] 34 / 200
## [1713067903996753630, 2024-04-13 23:11:43 CDT utc-0500, END] 34 / 200


## [1713067904000766588, 2024-04-13 23:11:44 CDT utc-0500, BEGIN] 35 / 200
## [1713068110001951495, 2024-04-13 23:15:10 CDT utc-0500, END] 35 / 200


## [1713068110005989413, 2024-04-13 23:15:10 CDT utc-0500, BEGIN] 36 / 200
## [1713068319145010321, 2024-04-13 23:18:39 CDT utc-0500, END] 36 / 200


## [1713068319149042038, 2024-04-13 23:18:39 CDT utc-0500, BEGIN] 37 / 200
## [1713068519386156100, 2024-04-13 23:21:59 CDT utc-0500, END] 37 / 200


## [1713068519390219547, 2024-04-13 23:21:59 CDT utc-0500, BEGIN] 38 / 200
## [1713068724494093132, 2024-04-13 23:25:24 CDT utc-0500, END] 38 / 200


## [1713068724498224892, 2024-04-13 23:25:24 CDT utc-0500, BEGIN] 39 / 200
## [1713068928984422786, 2024-04-13 23:28:48 CDT utc-0500, END] 39 / 200


## [1713068928988528630, 2024-04-13 23:28:48 CDT utc-0500, BEGIN] 40 / 200
## [1713069135199504283, 2024-04-13 23:32:15 CDT utc-0500, END] 40 / 200


## [1713069135203600600, 2024-04-13 23:32:15 CDT utc-0500, BEGIN] 41 / 200
## [1713069371384173508, 2024-04-13 23:36:11 CDT utc-0500, END] 41 / 200


## [1713069371387977573, 2024-04-13 23:36:11 CDT utc-0500, BEGIN] 42 / 200
## [1713069578746438571, 2024-04-13 23:39:38 CDT utc-0500, END] 42 / 200


## [1713069578750552902, 2024-04-13 23:39:38 CDT utc-0500, BEGIN] 43 / 200
## [1713069793365133193, 2024-04-13 23:43:13 CDT utc-0500, END] 43 / 200


## [1713069793369154669, 2024-04-13 23:43:13 CDT utc-0500, BEGIN] 44 / 200
## [1713069998269768431, 2024-04-13 23:46:38 CDT utc-0500, END] 44 / 200


## [1713069998273953878, 2024-04-13 23:46:38 CDT utc-0500, BEGIN] 45 / 200
## [1713070213230604245, 2024-04-13 23:50:13 CDT utc-0500, END] 45 / 200


## [1713070213234715992, 2024-04-13 23:50:13 CDT utc-0500, BEGIN] 46 / 200
## [1713070422082949689, 2024-04-13 23:53:42 CDT utc-0500, END] 46 / 200


## [1713070422087065841, 2024-04-13 23:53:42 CDT utc-0500, BEGIN] 47 / 200
## [1713070623949199966, 2024-04-13 23:57:03 CDT utc-0500, END] 47 / 200


## [1713070623953058098, 2024-04-13 23:57:03 CDT utc-0500, BEGIN] 48 / 200
## [1713070834538050183, 2024-04-14 00:00:34 CDT utc-0500, END] 48 / 200


## [1713070834542140337, 2024-04-14 00:00:34 CDT utc-0500, BEGIN] 49 / 200
## [1713071036978585376, 2024-04-14 00:03:56 CDT utc-0500, END] 49 / 200


## [1713071036982686081, 2024-04-14 00:03:56 CDT utc-0500, BEGIN] 50 / 200
## [1713071239935580492, 2024-04-14 00:07:19 CDT utc-0500, END] 50 / 200


## [1713071239939770938, 2024-04-14 00:07:19 CDT utc-0500, BEGIN] 51 / 200
## [1713071435896009488, 2024-04-14 00:10:35 CDT utc-0500, END] 51 / 200


## [1713071435900162755, 2024-04-14 00:10:35 CDT utc-0500, BEGIN] 52 / 200
## [1713071635330626640, 2024-04-14 00:13:55 CDT utc-0500, END] 52 / 200


## [1713071635334770925, 2024-04-14 00:13:55 CDT utc-0500, BEGIN] 53 / 200
## [1713071854259824725, 2024-04-14 00:17:34 CDT utc-0500, END] 53 / 200


## [1713071854263981724, 2024-04-14 00:17:34 CDT utc-0500, BEGIN] 54 / 200
## [1713072049824620315, 2024-04-14 00:20:49 CDT utc-0500, END] 54 / 200


## [1713072049828179909, 2024-04-14 00:20:49 CDT utc-0500, BEGIN] 55 / 200
## [1713072246298897459, 2024-04-14 00:24:06 CDT utc-0500, END] 55 / 200


## [1713072246303149628, 2024-04-14 00:24:06 CDT utc-0500, BEGIN] 56 / 200
## [1713072446127353658, 2024-04-14 00:27:26 CDT utc-0500, END] 56 / 200


## [1713072446131540422, 2024-04-14 00:27:26 CDT utc-0500, BEGIN] 57 / 200
## [1713072642782681214, 2024-04-14 00:30:42 CDT utc-0500, END] 57 / 200


## [1713072642786758034, 2024-04-14 00:30:42 CDT utc-0500, BEGIN] 58 / 200
## [1713072841483780454, 2024-04-14 00:34:01 CDT utc-0500, END] 58 / 200


## [1713072841488182409, 2024-04-14 00:34:01 CDT utc-0500, BEGIN] 59 / 200
## [1713073038935300069, 2024-04-14 00:37:18 CDT utc-0500, END] 59 / 200


## [1713073038939537674, 2024-04-14 00:37:18 CDT utc-0500, BEGIN] 60 / 200
## [1713073239412108142, 2024-04-14 00:40:39 CDT utc-0500, END] 60 / 200


## [1713073239416219551, 2024-04-14 00:40:39 CDT utc-0500, BEGIN] 61 / 200
## [1713073437347966341, 2024-04-14 00:43:57 CDT utc-0500, END] 61 / 200


## [1713073437352128740, 2024-04-14 00:43:57 CDT utc-0500, BEGIN] 62 / 200
## [1713073636829046675, 2024-04-14 00:47:16 CDT utc-0500, END] 62 / 200


## [1713073636832630011, 2024-04-14 00:47:16 CDT utc-0500, BEGIN] 63 / 200
## [1713073835828118193, 2024-04-14 00:50:35 CDT utc-0500, END] 63 / 200


## [1713073835832270100, 2024-04-14 00:50:35 CDT utc-0500, BEGIN] 64 / 200
## [1713074031934285549, 2024-04-14 00:53:51 CDT utc-0500, END] 64 / 200


## [1713080397770650845, 2024-04-14 02:39:57 CDT utc-0500, BEGIN] 9 / 50
## [1713080710301429322, 2024-04-14 02:45:10 CDT utc-0500, END] 9 / 50


## [1713080710305775743, 2024-04-14 02:45:10 CDT utc-0500, BEGIN] 10 / 50
## [1713081018872418487, 2024-04-14 02:50:18 CDT utc-0500, END] 10 / 50


## [1713081018876808440, 2024-04-14 02:50:18 CDT utc-0500, BEGIN] 11 / 50
## [1713081328572454940, 2024-04-14 02:55:28 CDT utc-0500, END] 11 / 50


## [1713081328576785356, 2024-04-14 02:55:28 CDT utc-0500, BEGIN] 12 / 50
## [1713081639140948095, 2024-04-14 03:00:39 CDT utc-0500, END] 12 / 50


## [1713081639145102447, 2024-04-14 03:00:39 CDT utc-0500, BEGIN] 13 / 50
## [1713081948315476388, 2024-04-14 03:05:48 CDT utc-0500, END] 13 / 50


## [1713081948319501055, 2024-04-14 03:05:48 CDT utc-0500, BEGIN] 14 / 50
## [1713082258569449780, 2024-04-14 03:10:58 CDT utc-0500, END] 14 / 50


## [1713082258573243047, 2024-04-14 03:10:58 CDT utc-0500, BEGIN] 15 / 50
## [1713082567685111345, 2024-04-14 03:16:07 CDT utc-0500, END] 15 / 50


## [1713082567689417565, 2024-04-14 03:16:07 CDT utc-0500, BEGIN] 16 / 50
## [1713082876161843866, 2024-04-14 03:21:16 CDT utc-0500, END] 16 / 50


