## [1707267872N, 2024-02-06 20:04:32 EST utc-0500] /Users/ruiming-lu/Desktop/UMICH/xinda/xinda/test_scripts/inflection-both-ends/cass1.job, c220g2-030632.wisc.cloudlab.us
## [1707267889N, 2024-02-06 20:04:49 EST utc-0500] /Users/ruiming-lu/Desktop/UMICH/xinda/xinda/test_scripts/inflection-both-ends/cass2.job, c220g2-010631.wisc.cloudlab.us
## [1707267906N, 2024-02-06 20:05:06 EST utc-0500] /Users/ruiming-lu/Desktop/UMICH/xinda/xinda/test_scripts/inflection-both-ends/cass3.job, c220g2-010619.wisc.cloudlab.us
## [1707267925N, 2024-02-06 20:05:25 EST utc-0500] /Users/ruiming-lu/Desktop/UMICH/xinda/xinda/test_scripts/inflection-both-ends/cass4.job, c220g2-010622.wisc.cloudlab.us
## [1707267942N, 2024-02-06 20:05:42 EST utc-0500] /Users/ruiming-lu/Desktop/UMICH/xinda/xinda/test_scripts/inflection-both-ends/cass5.job, c220g2-011314.wisc.cloudlab.us
## [1707267959N, 2024-02-06 20:05:59 EST utc-0500] /Users/ruiming-lu/Desktop/UMICH/xinda/xinda/test_scripts/inflection-both-ends/cass6.job, c220g2-010620.wisc.cloudlab.us
## [1707267977N, 2024-02-06 20:06:17 EST utc-0500] /Users/ruiming-lu/Desktop/UMICH/xinda/xinda/test_scripts/inflection-both-ends/cass7.job, c220g2-010627.wisc.cloudlab.us
## [1707267994N, 2024-02-06 20:06:34 EST utc-0500] /Users/ruiming-lu/Desktop/UMICH/xinda/xinda/test_scripts/inflection-both-ends/cass8.job, c220g2-010617.wisc.cloudlab.us
## [1707268012N, 2024-02-06 20:06:52 EST utc-0500] /Users/ruiming-lu/Desktop/UMICH/xinda/xinda/test_scripts/inflection-both-ends/cass9.job, c220g2-030631.wisc.cloudlab.us
## [1707268030N, 2024-02-06 20:07:10 EST utc-0500] /Users/ruiming-lu/Desktop/UMICH/xinda/xinda/test_scripts/inflection-both-ends/crdb1.job, c220g2-010609.wisc.cloudlab.us
## [1707268051N, 2024-02-06 20:07:31 EST utc-0500] /Users/ruiming-lu/Desktop/UMICH/xinda/xinda/test_scripts/inflection-both-ends/crdb2.job, c220g2-010625.wisc.cloudlab.us
## [1707268068N, 2024-02-06 20:07:48 EST utc-0500] /Users/ruiming-lu/Desktop/UMICH/xinda/xinda/test_scripts/inflection-both-ends/etcd1.job, c220g2-011111.wisc.cloudlab.us
## [1707268086N, 2024-02-06 20:08:06 EST utc-0500] /Users/ruiming-lu/Desktop/UMICH/xinda/xinda/test_scripts/inflection-both-ends/etcd2.job, c220g2-010604.wisc.cloudlab.us
## [1707268105N, 2024-02-06 20:08:25 EST utc-0500] /Users/ruiming-lu/Desktop/UMICH/xinda/xinda/test_scripts/inflection-both-ends/etcd3.job, c220g2-010607.wisc.cloudlab.us
## [1707268123N, 2024-02-06 20:08:43 EST utc-0500] /Users/ruiming-lu/Desktop/UMICH/xinda/xinda/test_scripts/inflection-both-ends/etcd4.job, c220g2-010605.wisc.cloudlab.us
## [1707268141N, 2024-02-06 20:09:01 EST utc-0500] /Users/ruiming-lu/Desktop/UMICH/xinda/xinda/test_scripts/inflection-both-ends/etcd5.job, c220g2-010610.wisc.cloudlab.us
## [1707268158N, 2024-02-06 20:09:18 EST utc-0500] /Users/ruiming-lu/Desktop/UMICH/xinda/xinda/test_scripts/inflection-both-ends/etcd6.job, c220g2-010602.wisc.cloudlab.us
## [1707268177N, 2024-02-06 20:09:37 EST utc-0500] /Users/ruiming-lu/Desktop/UMICH/xinda/xinda/test_scripts/inflection-both-ends/hbase1.job, c220g2-011019.wisc.cloudlab.us
## [1707268196N, 2024-02-06 20:09:56 EST utc-0500] /Users/ruiming-lu/Desktop/UMICH/xinda/xinda/test_scripts/inflection-both-ends/hbase2.job, c220g2-010629.wisc.cloudlab.us
## [1707268215N, 2024-02-06 20:10:15 EST utc-0500] /Users/ruiming-lu/Desktop/UMICH/xinda/xinda/test_scripts/inflection-both-ends/hbase3.job, c220g2-010632.wisc.cloudlab.us
## [1707268234N, 2024-02-06 20:10:34 EST utc-0500] /Users/ruiming-lu/Desktop/UMICH/xinda/xinda/test_scripts/inflection-both-ends/hbase4.job, c220g2-011024.wisc.cloudlab.us
## [1707268253N, 2024-02-06 20:10:53 EST utc-0500] /Users/ruiming-lu/Desktop/UMICH/xinda/xinda/test_scripts/inflection-both-ends/hbase5.job, c220g2-011016.wisc.cloudlab.us
## [1707268270N, 2024-02-06 20:11:10 EST utc-0500] /Users/ruiming-lu/Desktop/UMICH/xinda/xinda/test_scripts/inflection-both-ends/kafka1.job, c220g2-011023.wisc.cloudlab.us
## [1707268288N, 2024-02-06 20:11:28 EST utc-0500] /Users/ruiming-lu/Desktop/UMICH/xinda/xinda/test_scripts/inflection-both-ends/kafka2.job, c220g2-011015.wisc.cloudlab.us
